Analysis & Synthesis report for FullAdder8Bit_BeachWilliam
Thu Nov 03 14:35:48 2022
Quartus II Version 9.1 Build 222 10/21/2009 SJ Web Edition


---------------------
; Table of Contents ;
---------------------
  1. Legal Notice
  2. Analysis & Synthesis Summary
  3. Analysis & Synthesis Settings
  4. Parallel Compilation
  5. Analysis & Synthesis Source Files Read
  6. Analysis & Synthesis Resource Usage Summary
  7. Analysis & Synthesis Resource Utilization by Entity
  8. Analysis & Synthesis Messages



----------------
; Legal Notice ;
----------------
Copyright (C) 1991-2009 Altera Corporation
Your use of Altera Corporation's design tools, logic functions 
and other software and tools, and its AMPP partner logic 
functions, and any output files from any of the foregoing 
(including device programming or simulation files), and any 
associated documentation or information are expressly subject 
to the terms and conditions of the Altera Program License 
Subscription Agreement, Altera MegaCore Function License 
Agreement, or other applicable license agreement, including, 
without limitation, that your use is for the sole purpose of 
programming logic devices manufactured by Altera and sold by 
Altera or its authorized distributors.  Please refer to the 
applicable agreement for further details.



+-----------------------------------------------------------------------+
; Analysis & Synthesis Summary                                          ;
+-----------------------------+-----------------------------------------+
; Analysis & Synthesis Status ; Successful - Thu Nov 03 14:35:48 2022   ;
; Quartus II Version          ; 9.1 Build 222 10/21/2009 SJ Web Edition ;
; Revision Name               ; FullAdder8Bit_BeachWilliam              ;
; Top-level Entity Name       ; fullAdder8Bit_BeachWilliam              ;
; Family                      ; MAX3000A                                ;
; Total macrocells            ; 20                                      ;
; Total pins                  ; 26                                      ;
+-----------------------------+-----------------------------------------+


+--------------------------------------------------------------------------------------------------------------------------------------+
; Analysis & Synthesis Settings                                                                                                        ;
+----------------------------------------------------------------------------+----------------------------+----------------------------+
; Option                                                                     ; Setting                    ; Default Value              ;
+----------------------------------------------------------------------------+----------------------------+----------------------------+
; Device                                                                     ; EPM3064ALC44-10            ;                            ;
; Top-level entity name                                                      ; FullAdder8Bit_BeachWilliam ; FullAdder8Bit_BeachWilliam ;
; Family name                                                                ; MAX3000A                   ; Stratix II                 ;
; Use Generated Physical Constraints File                                    ; Off                        ;                            ;
; Use smart compilation                                                      ; Off                        ; Off                        ;
; Enable parallel Assembler and TimeQuest Timing Analyzer during compilation ; On                         ; On                         ;
; Enable compact report table                                                ; Off                        ; Off                        ;
; Create Debugging Nodes for IP Cores                                        ; Off                        ; Off                        ;
; Preserve fewer node names                                                  ; On                         ; On                         ;
; Disable OpenCore Plus hardware evaluation                                  ; Off                        ; Off                        ;
; Verilog Version                                                            ; Verilog_2001               ; Verilog_2001               ;
; VHDL Version                                                               ; VHDL_1993                  ; VHDL_1993                  ;
; State Machine Processing                                                   ; Auto                       ; Auto                       ;
; Safe State Machine                                                         ; Off                        ; Off                        ;
; Extract Verilog State Machines                                             ; On                         ; On                         ;
; Extract VHDL State Machines                                                ; On                         ; On                         ;
; Ignore Verilog initial constructs                                          ; Off                        ; Off                        ;
; Iteration limit for constant Verilog loops                                 ; 5000                       ; 5000                       ;
; Iteration limit for non-constant Verilog loops                             ; 250                        ; 250                        ;
; Add Pass-Through Logic to Inferred RAMs                                    ; On                         ; On                         ;
; Parallel Synthesis                                                         ; On                         ; On                         ;
; NOT Gate Push-Back                                                         ; On                         ; On                         ;
; Power-Up Don't Care                                                        ; On                         ; On                         ;
; Remove Duplicate Registers                                                 ; On                         ; On                         ;
; Ignore CARRY Buffers                                                       ; Off                        ; Off                        ;
; Ignore CASCADE Buffers                                                     ; Off                        ; Off                        ;
; Ignore GLOBAL Buffers                                                      ; Off                        ; Off                        ;
; Ignore ROW GLOBAL Buffers                                                  ; Off                        ; Off                        ;
; Ignore LCELL Buffers                                                       ; Auto                       ; Auto                       ;
; Ignore SOFT Buffers                                                        ; Off                        ; Off                        ;
; Limit AHDL Integers to 32 Bits                                             ; Off                        ; Off                        ;
; Optimization Technique                                                     ; Speed                      ; Speed                      ;
; Allow XOR Gate Usage                                                       ; On                         ; On                         ;
; Auto Logic Cell Insertion                                                  ; On                         ; On                         ;
; Parallel Expander Chain Length                                             ; 4                          ; 4                          ;
; Auto Parallel Expanders                                                    ; On                         ; On                         ;
; Auto Open-Drain Pins                                                       ; On                         ; On                         ;
; Auto Resource Sharing                                                      ; Off                        ; Off                        ;
; Maximum Fan-in Per Macrocell                                               ; 100                        ; 100                        ;
; Use LogicLock Constraints during Resource Balancing                        ; On                         ; On                         ;
; Ignore translate_off and synthesis_off directives                          ; Off                        ; Off                        ;
; Show Parameter Settings Tables in Synthesis Report                         ; On                         ; On                         ;
; HDL message level                                                          ; Level2                     ; Level2                     ;
; Suppress Register Optimization Related Messages                            ; Off                        ; Off                        ;
; Number of Removed Registers Reported in Synthesis Report                   ; 100                        ; 100                        ;
; Number of Inverted Registers Reported in Synthesis Report                  ; 100                        ; 100                        ;
; Block Design Naming                                                        ; Auto                       ; Auto                       ;
; Synthesis Effort                                                           ; Auto                       ; Auto                       ;
; Shift Register Replacement - Allow Asynchronous Clear Signal               ; On                         ; On                         ;
; Analysis & Synthesis Message Level                                         ; Medium                     ; Medium                     ;
; Disable Register Merging Across Hierarchies                                ; Auto                       ; Auto                       ;
+----------------------------------------------------------------------------+----------------------------+----------------------------+


Parallel compilation was disabled, but you have multiple processors available. Enable parallel compilation to reduce compilation time.
+-------------------------------------+
; Parallel Compilation                ;
+----------------------------+--------+
; Processors                 ; Number ;
+----------------------------+--------+
; Number detected on machine ; 4      ;
; Maximum allowed            ; 1      ;
+----------------------------+--------+


+------------------------------------------------------------------------------------------------------------------------------------+
; Analysis & Synthesis Source Files Read                                                                                             ;
+----------------------------------+-----------------+-----------------+-------------------------------------------------------------+
; File Name with User-Entered Path ; Used in Netlist ; File Type       ; File Name with Absolute Path                                ;
+----------------------------------+-----------------+-----------------+-------------------------------------------------------------+
; FullAdder4Bit_BeachWilliam.vhd   ; yes             ; User VHDL File  ; Z:/CDA3203/Lab2_BeachWilliam/FullAdder4Bit_BeachWilliam.vhd ;
; FullAdder_1BitBeachWilliam.vhd   ; yes             ; User VHDL File  ; Z:/CDA3203/Lab2_BeachWilliam/FullAdder_1BitBeachWilliam.vhd ;
; fullAdderPackage.vhd             ; yes             ; User VHDL File  ; Z:/CDA3203/Lab2_BeachWilliam/fullAdderPackage.vhd           ;
; FullAdder8Bit_BeachWilliam.vhd   ; yes             ; User VHDL File  ; Z:/CDA3203/Lab2_BeachWilliam/FullAdder8Bit_BeachWilliam.vhd ;
+----------------------------------+-----------------+-----------------+-------------------------------------------------------------+


+---------------------------------------------+
; Analysis & Synthesis Resource Usage Summary ;
+----------------------+----------------------+
; Resource             ; Usage                ;
+----------------------+----------------------+
; Logic cells          ; 20                   ;
; Total registers      ; 0                    ;
; I/O pins             ; 26                   ;
; Shareable expanders  ; 11                   ;
; Parallel expanders   ; 7                    ;
; Maximum fan-out node ; A[0]                 ;
; Maximum fan-out      ; 11                   ;
; Total fan-out        ; 161                  ;
; Average fan-out      ; 2.82                 ;
+----------------------+----------------------+


+--------------------------------------------------------------------------------------------------------------------------------------------------------------------------------+
; Analysis & Synthesis Resource Utilization by Entity                                                                                                                            ;
+-------------------------------------------+------------+------+-------------------------------------------------------------------------------------------------+--------------+
; Compilation Hierarchy Node                ; Macrocells ; Pins ; Full Hierarchy Name                                                                             ; Library Name ;
+-------------------------------------------+------------+------+-------------------------------------------------------------------------------------------------+--------------+
; |fullAdder8Bit_BeachWilliam               ; 20         ; 26   ; |fullAdder8Bit_BeachWilliam                                                                     ; work         ;
;    |fullAdder4bit_BeachWilliam:adder1|    ; 9          ; 0    ; |fullAdder8Bit_BeachWilliam|fullAdder4bit_BeachWilliam:adder1                                   ; work         ;
;       |FullAdder_1BitBeachWilliam:adder1| ; 1          ; 0    ; |fullAdder8Bit_BeachWilliam|fullAdder4bit_BeachWilliam:adder1|FullAdder_1BitBeachWilliam:adder1 ; work         ;
;       |FullAdder_1BitBeachWilliam:adder2| ; 2          ; 0    ; |fullAdder8Bit_BeachWilliam|fullAdder4bit_BeachWilliam:adder1|FullAdder_1BitBeachWilliam:adder2 ; work         ;
;       |FullAdder_1BitBeachWilliam:adder3| ; 3          ; 0    ; |fullAdder8Bit_BeachWilliam|fullAdder4bit_BeachWilliam:adder1|FullAdder_1BitBeachWilliam:adder3 ; work         ;
;       |FullAdder_1BitBeachWilliam:adder4| ; 3          ; 0    ; |fullAdder8Bit_BeachWilliam|fullAdder4bit_BeachWilliam:adder1|FullAdder_1BitBeachWilliam:adder4 ; work         ;
;    |fullAdder4bit_BeachWilliam:adder2|    ; 11         ; 0    ; |fullAdder8Bit_BeachWilliam|fullAdder4bit_BeachWilliam:adder2                                   ; work         ;
;       |FullAdder_1BitBeachWilliam:adder1| ; 2          ; 0    ; |fullAdder8Bit_BeachWilliam|fullAdder4bit_BeachWilliam:adder2|FullAdder_1BitBeachWilliam:adder1 ; work         ;
;       |FullAdder_1BitBeachWilliam:adder2| ; 5          ; 0    ; |fullAdder8Bit_BeachWilliam|fullAdder4bit_BeachWilliam:adder2|FullAdder_1BitBeachWilliam:adder2 ; work         ;
;       |FullAdder_1BitBeachWilliam:adder3| ; 1          ; 0    ; |fullAdder8Bit_BeachWilliam|fullAdder4bit_BeachWilliam:adder2|FullAdder_1BitBeachWilliam:adder3 ; work         ;
;       |FullAdder_1BitBeachWilliam:adder4| ; 3          ; 0    ; |fullAdder8Bit_BeachWilliam|fullAdder4bit_BeachWilliam:adder2|FullAdder_1BitBeachWilliam:adder4 ; work         ;
+-------------------------------------------+------------+------+-------------------------------------------------------------------------------------------------+--------------+


+-------------------------------+
; Analysis & Synthesis Messages ;
+-------------------------------+
Info: *******************************************************************
Info: Running Quartus II Analysis & Synthesis
    Info: Version 9.1 Build 222 10/21/2009 SJ Web Edition
    Info: Processing started: Thu Nov 03 14:35:45 2022
Info: Command: quartus_map --read_settings_files=on --write_settings_files=off FullAdder8Bit_BeachWilliam -c FullAdder8Bit_BeachWilliam
Info: Found 2 design units, including 1 entities, in source file fulladder4bit_beachwilliam.vhd
    Info: Found design unit 1: fullAdder4bit_BeachWilliam-LogicFunc
    Info: Found entity 1: fullAdder4bit_BeachWilliam
Info: Found 2 design units, including 1 entities, in source file fulladder_1bitbeachwilliam.vhd
    Info: Found design unit 1: FullAdder_1BitBeachWilliam-LogicFunc
    Info: Found entity 1: FullAdder_1BitBeachWilliam
Info: Found 1 design units, including 0 entities, in source file fulladderpackage.vhd
    Info: Found design unit 1: fullAdderPackage
Info: Found 2 design units, including 1 entities, in source file halfadder_beachwilliam.vhd
    Info: Found design unit 1: HalfAdder_BeachWilliam-LogicFunc
    Info: Found entity 1: HalfAdder_BeachWilliam
Info: Found 2 design units, including 1 entities, in source file fulladder8bit_beachwilliam.vhd
    Info: Found design unit 1: fullAdder8Bit_BeachWilliam-LogicFunc
    Info: Found entity 1: fullAdder8Bit_BeachWilliam
Info: Elaborating entity "FullAdder8Bit_BeachWilliam" for the top level hierarchy
Info: Elaborating entity "fullAdder4bit_BeachWilliam" for hierarchy "fullAdder4bit_BeachWilliam:adder1"
Info: Elaborating entity "FullAdder_1BitBeachWilliam" for hierarchy "fullAdder4bit_BeachWilliam:adder1|FullAdder_1BitBeachWilliam:adder1"
Info: Implemented 57 device resources after synthesis - the final resource count might be different
    Info: Implemented 17 input pins
    Info: Implemented 9 output pins
    Info: Implemented 20 macrocells
    Info: Implemented 11 shareable expanders
Info: Quartus II Analysis & Synthesis was successful. 0 errors, 0 warnings
    Info: Peak virtual memory: 242 megabytes
    Info: Processing ended: Thu Nov 03 14:35:49 2022
    Info: Elapsed time: 00:00:04
    Info: Total CPU time (on all processors): 00:00:04


