Flow report for FullAdder16Bit_BeachWilliam
Thu Nov 03 15:14:51 2022
Quartus II Version 9.1 Build 222 10/21/2009 SJ Web Edition


---------------------
; Table of Contents ;
---------------------
  1. Legal Notice
  2. Flow Summary
  3. Flow Settings
  4. Flow Non-Default Global Settings
  5. Flow Elapsed Time
  6. Flow OS Summary
  7. Flow Log



----------------
; Legal Notice ;
----------------
Copyright (C) 1991-2009 Altera Corporation
Your use of Altera Corporation's design tools, logic functions 
and other software and tools, and its AMPP partner logic 
functions, and any output files from any of the foregoing 
(including device programming or simulation files), and any 
associated documentation or information are expressly subject 
to the terms and conditions of the Altera Program License 
Subscription Agreement, Altera MegaCore Function License 
Agreement, or other applicable license agreement, including, 
without limitation, that your use is for the sole purpose of 
programming logic devices manufactured by Altera and sold by 
Altera or its authorized distributors.  Please refer to the 
applicable agreement for further details.



+-------------------------------------------------------------------+
; Flow Summary                                                      ;
+-------------------------+-----------------------------------------+
; Flow Status             ; Successful - Thu Nov 03 15:14:51 2022   ;
; Quartus II Version      ; 9.1 Build 222 10/21/2009 SJ Web Edition ;
; Revision Name           ; FullAdder16Bit_BeachWilliam             ;
; Top-level Entity Name   ; FullAdder16Bit_BeachWilliam             ;
; Family                  ; MAX3000A                                ;
; Device                  ; EPM3064ATC100-4                         ;
; Timing Models           ; Final                                   ;
; Met timing requirements ; Yes                                     ;
; Total macrocells        ; 42 / 64 ( 66 % )                        ;
; Total pins              ; 54 / 66 ( 82 % )                        ;
+-------------------------+-----------------------------------------+


+-------------------------------------------------+
; Flow Settings                                   ;
+-------------------+-----------------------------+
; Option            ; Setting                     ;
+-------------------+-----------------------------+
; Start date & time ; 11/03/2022 15:14:40         ;
; Main task         ; Compilation                 ;
; Revision Name     ; FullAdder16Bit_BeachWilliam ;
+-------------------+-----------------------------+


+---------------------------------------------------------------------------------------------------------------------------------+
; Flow Non-Default Global Settings                                                                                                ;
+------------------------------------+------------------------------+------------------------------+-------------+----------------+
; Assignment Name                    ; Value                        ; Default Value                ; Entity Name ; Section Id     ;
+------------------------------------+------------------------------+------------------------------+-------------+----------------+
; COMPILER_SIGNATURE_ID              ; 345050195885.166750288012472 ; --                           ; --          ; --             ;
; INCREMENTAL_COMPILATION            ; Off                          ; FULL_INCREMENTAL_COMPILATION ; --          ; --             ;
; USE_GENERATED_PHYSICAL_CONSTRAINTS ; Off                          ; --                           ; --          ; eda_blast_fpga ;
+------------------------------------+------------------------------+------------------------------+-------------+----------------+


+-----------------------------------------------------------------------------------------------------------------------------+
; Flow Elapsed Time                                                                                                           ;
+-------------------------+--------------+-------------------------+---------------------+------------------------------------+
; Module Name             ; Elapsed Time ; Average Processors Used ; Peak Virtual Memory ; Total CPU Time (on all processors) ;
+-------------------------+--------------+-------------------------+---------------------+------------------------------------+
; Analysis & Synthesis    ; 00:00:05     ; 1.0                     ; 242 MB              ; 00:00:05                           ;
; Fitter                  ; 00:00:01     ; 1.0                     ; 189 MB              ; 00:00:00                           ;
; Assembler               ; 00:00:00     ; 1.0                     ; 193 MB              ; 00:00:01                           ;
; Classic Timing Analyzer ; 00:00:00     ; 1.0                     ; 164 MB              ; 00:00:00                           ;
; Total                   ; 00:00:06     ; --                      ; --                  ; 00:00:06                           ;
+-------------------------+--------------+-------------------------+---------------------+------------------------------------+


+------------------------------------------------------------------------------------------+
; Flow OS Summary                                                                          ;
+-------------------------+------------------+---------------+------------+----------------+
; Module Name             ; Machine Hostname ; OS Name       ; OS Version ; Processor type ;
+-------------------------+------------------+---------------+------------+----------------+
; Analysis & Synthesis    ; vmengdesktop081  ; Windows Vista ; 6.2        ; x86_64         ;
; Fitter                  ; vmengdesktop081  ; Windows Vista ; 6.2        ; x86_64         ;
; Assembler               ; vmengdesktop081  ; Windows Vista ; 6.2        ; x86_64         ;
; Classic Timing Analyzer ; vmengdesktop081  ; Windows Vista ; 6.2        ; x86_64         ;
+-------------------------+------------------+---------------+------------+----------------+


------------
; Flow Log ;
------------
quartus_map --read_settings_files=on --write_settings_files=off FullAdder16Bit_BeachWilliam -c FullAdder16Bit_BeachWilliam
quartus_fit --read_settings_files=off --write_settings_files=off FullAdder16Bit_BeachWilliam -c FullAdder16Bit_BeachWilliam
quartus_asm --read_settings_files=off --write_settings_files=off FullAdder16Bit_BeachWilliam -c FullAdder16Bit_BeachWilliam
quartus_tan --read_settings_files=off --write_settings_files=off FullAdder16Bit_BeachWilliam -c FullAdder16Bit_BeachWilliam



