Simulator report for FullAdder8Bit_BeachWilliam
Wed Nov 02 20:13:35 2022
Quartus II Version 9.1 Build 222 10/21/2009 SJ Web Edition


---------------------
; Table of Contents ;
---------------------
  1. Legal Notice
  2. Simulator Summary
  3. Simulator Settings
  4. Simulation Waveforms
  5. Coverage Summary
  6. Complete 1/0-Value Coverage
  7. Missing 1-Value Coverage
  8. Missing 0-Value Coverage
  9. Simulator INI Usage
 10. Simulator Messages



----------------
; Legal Notice ;
----------------
Copyright (C) 1991-2009 Altera Corporation
Your use of Altera Corporation's design tools, logic functions 
and other software and tools, and its AMPP partner logic 
functions, and any output files from any of the foregoing 
(including device programming or simulation files), and any 
associated documentation or information are expressly subject 
to the terms and conditions of the Altera Program License 
Subscription Agreement, Altera MegaCore Function License 
Agreement, or other applicable license agreement, including, 
without limitation, that your use is for the sole purpose of 
programming logic devices manufactured by Altera and sold by 
Altera or its authorized distributors.  Please refer to the 
applicable agreement for further details.



+--------------------------------------------+
; Simulator Summary                          ;
+-----------------------------+--------------+
; Type                        ; Value        ;
+-----------------------------+--------------+
; Simulation Start Time       ; 0 ps         ;
; Simulation End Time         ; 1.0 us       ;
; Simulation Netlist Size     ; 146 nodes    ;
; Simulation Coverage         ;       0.00 % ;
; Total Number of Transitions ; 0            ;
; Simulation Breakpoints      ; 0            ;
; Family                      ; MAX3000A     ;
+-----------------------------+--------------+


+---------------------------------------------------------------------------------------------------------------------------+
; Simulator Settings                                                                                                        ;
+--------------------------------------------------------------------------------------------+--------------+---------------+
; Option                                                                                     ; Setting      ; Default Value ;
+--------------------------------------------------------------------------------------------+--------------+---------------+
; Simulation mode                                                                            ; Functional   ; Timing        ;
; Start time                                                                                 ; 0 ns         ; 0 ns          ;
; Simulation results format                                                                  ; CVWF         ;               ;
; Vector input source                                                                        ; 8bittest.vwf ;               ;
; Add pins automatically to simulation output waveforms                                      ; On           ; On            ;
; Check outputs                                                                              ; Off          ; Off           ;
; Report simulation coverage                                                                 ; On           ; On            ;
; Display complete 1/0 value coverage report                                                 ; On           ; On            ;
; Display missing 1-value coverage report                                                    ; On           ; On            ;
; Display missing 0-value coverage report                                                    ; On           ; On            ;
; Detect setup and hold time violations                                                      ; Off          ; Off           ;
; Detect glitches                                                                            ; Off          ; Off           ;
; Disable timing delays in Timing Simulation                                                 ; Off          ; Off           ;
; Generate Signal Activity File                                                              ; Off          ; Off           ;
; Generate VCD File for PowerPlay Power Analyzer                                             ; Off          ; Off           ;
; Group bus channels in simulation results                                                   ; Off          ; Off           ;
; Preserve fewer signal transitions to reduce memory requirements                            ; On           ; On            ;
; Trigger vector comparison with the specified mode                                          ; INPUT_EDGE   ; INPUT_EDGE    ;
; Disable setup and hold time violations detection in input registers of bi-directional pins ; Off          ; Off           ;
; Overwrite Waveform Inputs With Simulation Outputs                                          ; On           ;               ;
; Perform Glitch Filtering in Timing Simulation                                              ; Auto         ; Auto          ;
+--------------------------------------------------------------------------------------------+--------------+---------------+


+----------------------+
; Simulation Waveforms ;
+----------------------+
Waveform report data cannot be output to ASCII.
Please use Quartus II to view the waveform report data.


+--------------------------------------------------------------------+
; Coverage Summary                                                   ;
+-----------------------------------------------------+--------------+
; Type                                                ; Value        ;
+-----------------------------------------------------+--------------+
; Total coverage as a percentage                      ;       0.00 % ;
; Total nodes checked                                 ; 146          ;
; Total output ports checked                          ; 146          ;
; Total output ports with complete 1/0-value coverage ; 0            ;
; Total output ports with no 1/0-value coverage       ; 146          ;
; Total output ports with no 1-value coverage         ; 146          ;
; Total output ports with no 0-value coverage         ; 146          ;
+-----------------------------------------------------+--------------+


The following table displays output ports that toggle between 1 and 0 during simulation.
+-------------------------------------------------+
; Complete 1/0-Value Coverage                     ;
+-----------+------------------+------------------+
; Node Name ; Output Port Name ; Output Port Type ;
+-----------+------------------+------------------+


The following table displays output ports that do not toggle to 1 during simulation.
+------------------------------------------------------------------------------------------------------------------------------------------------------------------------------------------------------------------------------------+
; Missing 1-Value Coverage                                                                                                                                                                                                           ;
+--------------------------------------------------------------------------------------------------------+--------------------------------------------------------------------------------------------------------+------------------+
; Node Name                                                                                              ; Output Port Name                                                                                       ; Output Port Type ;
+--------------------------------------------------------------------------------------------------------+--------------------------------------------------------------------------------------------------------+------------------+
; |fullAdder8Bit_BeachWilliam|Cin                                                                        ; |fullAdder8Bit_BeachWilliam|Cin                                                                        ; out              ;
; |fullAdder8Bit_BeachWilliam|A[0]                                                                       ; |fullAdder8Bit_BeachWilliam|A[0]                                                                       ; out              ;
; |fullAdder8Bit_BeachWilliam|A[1]                                                                       ; |fullAdder8Bit_BeachWilliam|A[1]                                                                       ; out              ;
; |fullAdder8Bit_BeachWilliam|A[2]                                                                       ; |fullAdder8Bit_BeachWilliam|A[2]                                                                       ; out              ;
; |fullAdder8Bit_BeachWilliam|A[3]                                                                       ; |fullAdder8Bit_BeachWilliam|A[3]                                                                       ; out              ;
; |fullAdder8Bit_BeachWilliam|A[4]                                                                       ; |fullAdder8Bit_BeachWilliam|A[4]                                                                       ; out              ;
; |fullAdder8Bit_BeachWilliam|A[5]                                                                       ; |fullAdder8Bit_BeachWilliam|A[5]                                                                       ; out              ;
; |fullAdder8Bit_BeachWilliam|A[6]                                                                       ; |fullAdder8Bit_BeachWilliam|A[6]                                                                       ; out              ;
; |fullAdder8Bit_BeachWilliam|A[7]                                                                       ; |fullAdder8Bit_BeachWilliam|A[7]                                                                       ; out              ;
; |fullAdder8Bit_BeachWilliam|B[0]                                                                       ; |fullAdder8Bit_BeachWilliam|B[0]                                                                       ; out              ;
; |fullAdder8Bit_BeachWilliam|B[1]                                                                       ; |fullAdder8Bit_BeachWilliam|B[1]                                                                       ; out              ;
; |fullAdder8Bit_BeachWilliam|B[2]                                                                       ; |fullAdder8Bit_BeachWilliam|B[2]                                                                       ; out              ;
; |fullAdder8Bit_BeachWilliam|B[3]                                                                       ; |fullAdder8Bit_BeachWilliam|B[3]                                                                       ; out              ;
; |fullAdder8Bit_BeachWilliam|B[4]                                                                       ; |fullAdder8Bit_BeachWilliam|B[4]                                                                       ; out              ;
; |fullAdder8Bit_BeachWilliam|B[5]                                                                       ; |fullAdder8Bit_BeachWilliam|B[5]                                                                       ; out              ;
; |fullAdder8Bit_BeachWilliam|B[6]                                                                       ; |fullAdder8Bit_BeachWilliam|B[6]                                                                       ; out              ;
; |fullAdder8Bit_BeachWilliam|B[7]                                                                       ; |fullAdder8Bit_BeachWilliam|B[7]                                                                       ; out              ;
; |fullAdder8Bit_BeachWilliam|s[0]                                                                       ; |fullAdder8Bit_BeachWilliam|s[0]                                                                       ; pin_out          ;
; |fullAdder8Bit_BeachWilliam|s[1]                                                                       ; |fullAdder8Bit_BeachWilliam|s[1]                                                                       ; pin_out          ;
; |fullAdder8Bit_BeachWilliam|s[2]                                                                       ; |fullAdder8Bit_BeachWilliam|s[2]                                                                       ; pin_out          ;
; |fullAdder8Bit_BeachWilliam|s[3]                                                                       ; |fullAdder8Bit_BeachWilliam|s[3]                                                                       ; pin_out          ;
; |fullAdder8Bit_BeachWilliam|s[4]                                                                       ; |fullAdder8Bit_BeachWilliam|s[4]                                                                       ; pin_out          ;
; |fullAdder8Bit_BeachWilliam|s[5]                                                                       ; |fullAdder8Bit_BeachWilliam|s[5]                                                                       ; pin_out          ;
; |fullAdder8Bit_BeachWilliam|s[6]                                                                       ; |fullAdder8Bit_BeachWilliam|s[6]                                                                       ; pin_out          ;
; |fullAdder8Bit_BeachWilliam|s[7]                                                                       ; |fullAdder8Bit_BeachWilliam|s[7]                                                                       ; pin_out          ;
; |fullAdder8Bit_BeachWilliam|cout                                                                       ; |fullAdder8Bit_BeachWilliam|cout                                                                       ; pin_out          ;
; |fullAdder8Bit_BeachWilliam|fullAdder4bit_BeachWilliam:adder2|FullAdder_1BitBeachWilliam:adder4|s~2    ; |fullAdder8Bit_BeachWilliam|fullAdder4bit_BeachWilliam:adder2|FullAdder_1BitBeachWilliam:adder4|s~2    ; out0             ;
; |fullAdder8Bit_BeachWilliam|fullAdder4bit_BeachWilliam:adder2|FullAdder_1BitBeachWilliam:adder4|s~3    ; |fullAdder8Bit_BeachWilliam|fullAdder4bit_BeachWilliam:adder2|FullAdder_1BitBeachWilliam:adder4|s~3    ; out0             ;
; |fullAdder8Bit_BeachWilliam|fullAdder4bit_BeachWilliam:adder2|FullAdder_1BitBeachWilliam:adder4|s~5    ; |fullAdder8Bit_BeachWilliam|fullAdder4bit_BeachWilliam:adder2|FullAdder_1BitBeachWilliam:adder4|s~5    ; out0             ;
; |fullAdder8Bit_BeachWilliam|fullAdder4bit_BeachWilliam:adder2|FullAdder_1BitBeachWilliam:adder4|s~7    ; |fullAdder8Bit_BeachWilliam|fullAdder4bit_BeachWilliam:adder2|FullAdder_1BitBeachWilliam:adder4|s~7    ; out0             ;
; |fullAdder8Bit_BeachWilliam|fullAdder4bit_BeachWilliam:adder2|FullAdder_1BitBeachWilliam:adder4|s~9    ; |fullAdder8Bit_BeachWilliam|fullAdder4bit_BeachWilliam:adder2|FullAdder_1BitBeachWilliam:adder4|s~9    ; out0             ;
; |fullAdder8Bit_BeachWilliam|fullAdder4bit_BeachWilliam:adder2|FullAdder_1BitBeachWilliam:adder4|s~10   ; |fullAdder8Bit_BeachWilliam|fullAdder4bit_BeachWilliam:adder2|FullAdder_1BitBeachWilliam:adder4|s~10   ; out0             ;
; |fullAdder8Bit_BeachWilliam|fullAdder4bit_BeachWilliam:adder2|FullAdder_1BitBeachWilliam:adder4|s~11   ; |fullAdder8Bit_BeachWilliam|fullAdder4bit_BeachWilliam:adder2|FullAdder_1BitBeachWilliam:adder4|s~11   ; out0             ;
; |fullAdder8Bit_BeachWilliam|fullAdder4bit_BeachWilliam:adder2|FullAdder_1BitBeachWilliam:adder4|s~13   ; |fullAdder8Bit_BeachWilliam|fullAdder4bit_BeachWilliam:adder2|FullAdder_1BitBeachWilliam:adder4|s~13   ; out0             ;
; |fullAdder8Bit_BeachWilliam|fullAdder4bit_BeachWilliam:adder2|FullAdder_1BitBeachWilliam:adder4|s~14   ; |fullAdder8Bit_BeachWilliam|fullAdder4bit_BeachWilliam:adder2|FullAdder_1BitBeachWilliam:adder4|s~14   ; out0             ;
; |fullAdder8Bit_BeachWilliam|fullAdder4bit_BeachWilliam:adder2|FullAdder_1BitBeachWilliam:adder4|s~15   ; |fullAdder8Bit_BeachWilliam|fullAdder4bit_BeachWilliam:adder2|FullAdder_1BitBeachWilliam:adder4|s~15   ; out0             ;
; |fullAdder8Bit_BeachWilliam|fullAdder4bit_BeachWilliam:adder2|FullAdder_1BitBeachWilliam:adder4|s~17   ; |fullAdder8Bit_BeachWilliam|fullAdder4bit_BeachWilliam:adder2|FullAdder_1BitBeachWilliam:adder4|s~17   ; out0             ;
; |fullAdder8Bit_BeachWilliam|fullAdder4bit_BeachWilliam:adder2|FullAdder_1BitBeachWilliam:adder4|cout~0 ; |fullAdder8Bit_BeachWilliam|fullAdder4bit_BeachWilliam:adder2|FullAdder_1BitBeachWilliam:adder4|cout~0 ; out0             ;
; |fullAdder8Bit_BeachWilliam|fullAdder4bit_BeachWilliam:adder2|FullAdder_1BitBeachWilliam:adder4|cout~3 ; |fullAdder8Bit_BeachWilliam|fullAdder4bit_BeachWilliam:adder2|FullAdder_1BitBeachWilliam:adder4|cout~3 ; out0             ;
; |fullAdder8Bit_BeachWilliam|fullAdder4bit_BeachWilliam:adder2|FullAdder_1BitBeachWilliam:adder4|cout~4 ; |fullAdder8Bit_BeachWilliam|fullAdder4bit_BeachWilliam:adder2|FullAdder_1BitBeachWilliam:adder4|cout~4 ; out0             ;
; |fullAdder8Bit_BeachWilliam|fullAdder4bit_BeachWilliam:adder2|FullAdder_1BitBeachWilliam:adder4|cout~6 ; |fullAdder8Bit_BeachWilliam|fullAdder4bit_BeachWilliam:adder2|FullAdder_1BitBeachWilliam:adder4|cout~6 ; out0             ;
; |fullAdder8Bit_BeachWilliam|fullAdder4bit_BeachWilliam:adder2|FullAdder_1BitBeachWilliam:adder3|s~2    ; |fullAdder8Bit_BeachWilliam|fullAdder4bit_BeachWilliam:adder2|FullAdder_1BitBeachWilliam:adder3|s~2    ; out0             ;
; |fullAdder8Bit_BeachWilliam|fullAdder4bit_BeachWilliam:adder2|FullAdder_1BitBeachWilliam:adder3|s~3    ; |fullAdder8Bit_BeachWilliam|fullAdder4bit_BeachWilliam:adder2|FullAdder_1BitBeachWilliam:adder3|s~3    ; out0             ;
; |fullAdder8Bit_BeachWilliam|fullAdder4bit_BeachWilliam:adder2|FullAdder_1BitBeachWilliam:adder3|s~5    ; |fullAdder8Bit_BeachWilliam|fullAdder4bit_BeachWilliam:adder2|FullAdder_1BitBeachWilliam:adder3|s~5    ; out0             ;
; |fullAdder8Bit_BeachWilliam|fullAdder4bit_BeachWilliam:adder2|FullAdder_1BitBeachWilliam:adder3|s~7    ; |fullAdder8Bit_BeachWilliam|fullAdder4bit_BeachWilliam:adder2|FullAdder_1BitBeachWilliam:adder3|s~7    ; out0             ;
; |fullAdder8Bit_BeachWilliam|fullAdder4bit_BeachWilliam:adder2|FullAdder_1BitBeachWilliam:adder3|s~9    ; |fullAdder8Bit_BeachWilliam|fullAdder4bit_BeachWilliam:adder2|FullAdder_1BitBeachWilliam:adder3|s~9    ; out0             ;
; |fullAdder8Bit_BeachWilliam|fullAdder4bit_BeachWilliam:adder2|FullAdder_1BitBeachWilliam:adder3|s~10   ; |fullAdder8Bit_BeachWilliam|fullAdder4bit_BeachWilliam:adder2|FullAdder_1BitBeachWilliam:adder3|s~10   ; out0             ;
; |fullAdder8Bit_BeachWilliam|fullAdder4bit_BeachWilliam:adder2|FullAdder_1BitBeachWilliam:adder3|s~11   ; |fullAdder8Bit_BeachWilliam|fullAdder4bit_BeachWilliam:adder2|FullAdder_1BitBeachWilliam:adder3|s~11   ; out0             ;
; |fullAdder8Bit_BeachWilliam|fullAdder4bit_BeachWilliam:adder2|FullAdder_1BitBeachWilliam:adder3|s~13   ; |fullAdder8Bit_BeachWilliam|fullAdder4bit_BeachWilliam:adder2|FullAdder_1BitBeachWilliam:adder3|s~13   ; out0             ;
; |fullAdder8Bit_BeachWilliam|fullAdder4bit_BeachWilliam:adder2|FullAdder_1BitBeachWilliam:adder3|s~14   ; |fullAdder8Bit_BeachWilliam|fullAdder4bit_BeachWilliam:adder2|FullAdder_1BitBeachWilliam:adder3|s~14   ; out0             ;
; |fullAdder8Bit_BeachWilliam|fullAdder4bit_BeachWilliam:adder2|FullAdder_1BitBeachWilliam:adder3|s~15   ; |fullAdder8Bit_BeachWilliam|fullAdder4bit_BeachWilliam:adder2|FullAdder_1BitBeachWilliam:adder3|s~15   ; out0             ;
; |fullAdder8Bit_BeachWilliam|fullAdder4bit_BeachWilliam:adder2|FullAdder_1BitBeachWilliam:adder3|s~17   ; |fullAdder8Bit_BeachWilliam|fullAdder4bit_BeachWilliam:adder2|FullAdder_1BitBeachWilliam:adder3|s~17   ; out0             ;
; |fullAdder8Bit_BeachWilliam|fullAdder4bit_BeachWilliam:adder2|FullAdder_1BitBeachWilliam:adder3|cout~0 ; |fullAdder8Bit_BeachWilliam|fullAdder4bit_BeachWilliam:adder2|FullAdder_1BitBeachWilliam:adder3|cout~0 ; out0             ;
; |fullAdder8Bit_BeachWilliam|fullAdder4bit_BeachWilliam:adder2|FullAdder_1BitBeachWilliam:adder3|cout~3 ; |fullAdder8Bit_BeachWilliam|fullAdder4bit_BeachWilliam:adder2|FullAdder_1BitBeachWilliam:adder3|cout~3 ; out0             ;
; |fullAdder8Bit_BeachWilliam|fullAdder4bit_BeachWilliam:adder2|FullAdder_1BitBeachWilliam:adder3|cout~4 ; |fullAdder8Bit_BeachWilliam|fullAdder4bit_BeachWilliam:adder2|FullAdder_1BitBeachWilliam:adder3|cout~4 ; out0             ;
; |fullAdder8Bit_BeachWilliam|fullAdder4bit_BeachWilliam:adder2|FullAdder_1BitBeachWilliam:adder3|cout~6 ; |fullAdder8Bit_BeachWilliam|fullAdder4bit_BeachWilliam:adder2|FullAdder_1BitBeachWilliam:adder3|cout~6 ; out0             ;
; |fullAdder8Bit_BeachWilliam|fullAdder4bit_BeachWilliam:adder2|FullAdder_1BitBeachWilliam:adder2|s~2    ; |fullAdder8Bit_BeachWilliam|fullAdder4bit_BeachWilliam:adder2|FullAdder_1BitBeachWilliam:adder2|s~2    ; out0             ;
; |fullAdder8Bit_BeachWilliam|fullAdder4bit_BeachWilliam:adder2|FullAdder_1BitBeachWilliam:adder2|s~3    ; |fullAdder8Bit_BeachWilliam|fullAdder4bit_BeachWilliam:adder2|FullAdder_1BitBeachWilliam:adder2|s~3    ; out0             ;
; |fullAdder8Bit_BeachWilliam|fullAdder4bit_BeachWilliam:adder2|FullAdder_1BitBeachWilliam:adder2|s~5    ; |fullAdder8Bit_BeachWilliam|fullAdder4bit_BeachWilliam:adder2|FullAdder_1BitBeachWilliam:adder2|s~5    ; out0             ;
; |fullAdder8Bit_BeachWilliam|fullAdder4bit_BeachWilliam:adder2|FullAdder_1BitBeachWilliam:adder2|s~7    ; |fullAdder8Bit_BeachWilliam|fullAdder4bit_BeachWilliam:adder2|FullAdder_1BitBeachWilliam:adder2|s~7    ; out0             ;
; |fullAdder8Bit_BeachWilliam|fullAdder4bit_BeachWilliam:adder2|FullAdder_1BitBeachWilliam:adder2|s~9    ; |fullAdder8Bit_BeachWilliam|fullAdder4bit_BeachWilliam:adder2|FullAdder_1BitBeachWilliam:adder2|s~9    ; out0             ;
; |fullAdder8Bit_BeachWilliam|fullAdder4bit_BeachWilliam:adder2|FullAdder_1BitBeachWilliam:adder2|s~10   ; |fullAdder8Bit_BeachWilliam|fullAdder4bit_BeachWilliam:adder2|FullAdder_1BitBeachWilliam:adder2|s~10   ; out0             ;
; |fullAdder8Bit_BeachWilliam|fullAdder4bit_BeachWilliam:adder2|FullAdder_1BitBeachWilliam:adder2|s~11   ; |fullAdder8Bit_BeachWilliam|fullAdder4bit_BeachWilliam:adder2|FullAdder_1BitBeachWilliam:adder2|s~11   ; out0             ;
; |fullAdder8Bit_BeachWilliam|fullAdder4bit_BeachWilliam:adder2|FullAdder_1BitBeachWilliam:adder2|s~13   ; |fullAdder8Bit_BeachWilliam|fullAdder4bit_BeachWilliam:adder2|FullAdder_1BitBeachWilliam:adder2|s~13   ; out0             ;
; |fullAdder8Bit_BeachWilliam|fullAdder4bit_BeachWilliam:adder2|FullAdder_1BitBeachWilliam:adder2|s~14   ; |fullAdder8Bit_BeachWilliam|fullAdder4bit_BeachWilliam:adder2|FullAdder_1BitBeachWilliam:adder2|s~14   ; out0             ;
; |fullAdder8Bit_BeachWilliam|fullAdder4bit_BeachWilliam:adder2|FullAdder_1BitBeachWilliam:adder2|s~15   ; |fullAdder8Bit_BeachWilliam|fullAdder4bit_BeachWilliam:adder2|FullAdder_1BitBeachWilliam:adder2|s~15   ; out0             ;
; |fullAdder8Bit_BeachWilliam|fullAdder4bit_BeachWilliam:adder2|FullAdder_1BitBeachWilliam:adder2|s~17   ; |fullAdder8Bit_BeachWilliam|fullAdder4bit_BeachWilliam:adder2|FullAdder_1BitBeachWilliam:adder2|s~17   ; out0             ;
; |fullAdder8Bit_BeachWilliam|fullAdder4bit_BeachWilliam:adder2|FullAdder_1BitBeachWilliam:adder2|cout~0 ; |fullAdder8Bit_BeachWilliam|fullAdder4bit_BeachWilliam:adder2|FullAdder_1BitBeachWilliam:adder2|cout~0 ; out0             ;
; |fullAdder8Bit_BeachWilliam|fullAdder4bit_BeachWilliam:adder2|FullAdder_1BitBeachWilliam:adder2|cout~3 ; |fullAdder8Bit_BeachWilliam|fullAdder4bit_BeachWilliam:adder2|FullAdder_1BitBeachWilliam:adder2|cout~3 ; out0             ;
; |fullAdder8Bit_BeachWilliam|fullAdder4bit_BeachWilliam:adder2|FullAdder_1BitBeachWilliam:adder2|cout~4 ; |fullAdder8Bit_BeachWilliam|fullAdder4bit_BeachWilliam:adder2|FullAdder_1BitBeachWilliam:adder2|cout~4 ; out0             ;
; |fullAdder8Bit_BeachWilliam|fullAdder4bit_BeachWilliam:adder2|FullAdder_1BitBeachWilliam:adder2|cout~6 ; |fullAdder8Bit_BeachWilliam|fullAdder4bit_BeachWilliam:adder2|FullAdder_1BitBeachWilliam:adder2|cout~6 ; out0             ;
; |fullAdder8Bit_BeachWilliam|fullAdder4bit_BeachWilliam:adder2|FullAdder_1BitBeachWilliam:adder1|s~2    ; |fullAdder8Bit_BeachWilliam|fullAdder4bit_BeachWilliam:adder2|FullAdder_1BitBeachWilliam:adder1|s~2    ; out0             ;
; |fullAdder8Bit_BeachWilliam|fullAdder4bit_BeachWilliam:adder2|FullAdder_1BitBeachWilliam:adder1|s~3    ; |fullAdder8Bit_BeachWilliam|fullAdder4bit_BeachWilliam:adder2|FullAdder_1BitBeachWilliam:adder1|s~3    ; out0             ;
; |fullAdder8Bit_BeachWilliam|fullAdder4bit_BeachWilliam:adder2|FullAdder_1BitBeachWilliam:adder1|s~5    ; |fullAdder8Bit_BeachWilliam|fullAdder4bit_BeachWilliam:adder2|FullAdder_1BitBeachWilliam:adder1|s~5    ; out0             ;
; |fullAdder8Bit_BeachWilliam|fullAdder4bit_BeachWilliam:adder2|FullAdder_1BitBeachWilliam:adder1|s~7    ; |fullAdder8Bit_BeachWilliam|fullAdder4bit_BeachWilliam:adder2|FullAdder_1BitBeachWilliam:adder1|s~7    ; out0             ;
; |fullAdder8Bit_BeachWilliam|fullAdder4bit_BeachWilliam:adder2|FullAdder_1BitBeachWilliam:adder1|s~9    ; |fullAdder8Bit_BeachWilliam|fullAdder4bit_BeachWilliam:adder2|FullAdder_1BitBeachWilliam:adder1|s~9    ; out0             ;
; |fullAdder8Bit_BeachWilliam|fullAdder4bit_BeachWilliam:adder2|FullAdder_1BitBeachWilliam:adder1|s~10   ; |fullAdder8Bit_BeachWilliam|fullAdder4bit_BeachWilliam:adder2|FullAdder_1BitBeachWilliam:adder1|s~10   ; out0             ;
; |fullAdder8Bit_BeachWilliam|fullAdder4bit_BeachWilliam:adder2|FullAdder_1BitBeachWilliam:adder1|s~11   ; |fullAdder8Bit_BeachWilliam|fullAdder4bit_BeachWilliam:adder2|FullAdder_1BitBeachWilliam:adder1|s~11   ; out0             ;
; |fullAdder8Bit_BeachWilliam|fullAdder4bit_BeachWilliam:adder2|FullAdder_1BitBeachWilliam:adder1|s~13   ; |fullAdder8Bit_BeachWilliam|fullAdder4bit_BeachWilliam:adder2|FullAdder_1BitBeachWilliam:adder1|s~13   ; out0             ;
; |fullAdder8Bit_BeachWilliam|fullAdder4bit_BeachWilliam:adder2|FullAdder_1BitBeachWilliam:adder1|s~14   ; |fullAdder8Bit_BeachWilliam|fullAdder4bit_BeachWilliam:adder2|FullAdder_1BitBeachWilliam:adder1|s~14   ; out0             ;
; |fullAdder8Bit_BeachWilliam|fullAdder4bit_BeachWilliam:adder2|FullAdder_1BitBeachWilliam:adder1|s~15   ; |fullAdder8Bit_BeachWilliam|fullAdder4bit_BeachWilliam:adder2|FullAdder_1BitBeachWilliam:adder1|s~15   ; out0             ;
; |fullAdder8Bit_BeachWilliam|fullAdder4bit_BeachWilliam:adder2|FullAdder_1BitBeachWilliam:adder1|s~17   ; |fullAdder8Bit_BeachWilliam|fullAdder4bit_BeachWilliam:adder2|FullAdder_1BitBeachWilliam:adder1|s~17   ; out0             ;
; |fullAdder8Bit_BeachWilliam|fullAdder4bit_BeachWilliam:adder2|FullAdder_1BitBeachWilliam:adder1|cout~0 ; |fullAdder8Bit_BeachWilliam|fullAdder4bit_BeachWilliam:adder2|FullAdder_1BitBeachWilliam:adder1|cout~0 ; out0             ;
; |fullAdder8Bit_BeachWilliam|fullAdder4bit_BeachWilliam:adder2|FullAdder_1BitBeachWilliam:adder1|cout~3 ; |fullAdder8Bit_BeachWilliam|fullAdder4bit_BeachWilliam:adder2|FullAdder_1BitBeachWilliam:adder1|cout~3 ; out0             ;
; |fullAdder8Bit_BeachWilliam|fullAdder4bit_BeachWilliam:adder2|FullAdder_1BitBeachWilliam:adder1|cout~4 ; |fullAdder8Bit_BeachWilliam|fullAdder4bit_BeachWilliam:adder2|FullAdder_1BitBeachWilliam:adder1|cout~4 ; out0             ;
; |fullAdder8Bit_BeachWilliam|fullAdder4bit_BeachWilliam:adder2|FullAdder_1BitBeachWilliam:adder1|cout~6 ; |fullAdder8Bit_BeachWilliam|fullAdder4bit_BeachWilliam:adder2|FullAdder_1BitBeachWilliam:adder1|cout~6 ; out0             ;
; |fullAdder8Bit_BeachWilliam|fullAdder4bit_BeachWilliam:adder1|FullAdder_1BitBeachWilliam:adder4|s~2    ; |fullAdder8Bit_BeachWilliam|fullAdder4bit_BeachWilliam:adder1|FullAdder_1BitBeachWilliam:adder4|s~2    ; out0             ;
; |fullAdder8Bit_BeachWilliam|fullAdder4bit_BeachWilliam:adder1|FullAdder_1BitBeachWilliam:adder4|s~3    ; |fullAdder8Bit_BeachWilliam|fullAdder4bit_BeachWilliam:adder1|FullAdder_1BitBeachWilliam:adder4|s~3    ; out0             ;
; |fullAdder8Bit_BeachWilliam|fullAdder4bit_BeachWilliam:adder1|FullAdder_1BitBeachWilliam:adder4|s~5    ; |fullAdder8Bit_BeachWilliam|fullAdder4bit_BeachWilliam:adder1|FullAdder_1BitBeachWilliam:adder4|s~5    ; out0             ;
; |fullAdder8Bit_BeachWilliam|fullAdder4bit_BeachWilliam:adder1|FullAdder_1BitBeachWilliam:adder4|s~7    ; |fullAdder8Bit_BeachWilliam|fullAdder4bit_BeachWilliam:adder1|FullAdder_1BitBeachWilliam:adder4|s~7    ; out0             ;
; |fullAdder8Bit_BeachWilliam|fullAdder4bit_BeachWilliam:adder1|FullAdder_1BitBeachWilliam:adder4|s~9    ; |fullAdder8Bit_BeachWilliam|fullAdder4bit_BeachWilliam:adder1|FullAdder_1BitBeachWilliam:adder4|s~9    ; out0             ;
; |fullAdder8Bit_BeachWilliam|fullAdder4bit_BeachWilliam:adder1|FullAdder_1BitBeachWilliam:adder4|s~10   ; |fullAdder8Bit_BeachWilliam|fullAdder4bit_BeachWilliam:adder1|FullAdder_1BitBeachWilliam:adder4|s~10   ; out0             ;
; |fullAdder8Bit_BeachWilliam|fullAdder4bit_BeachWilliam:adder1|FullAdder_1BitBeachWilliam:adder4|s~11   ; |fullAdder8Bit_BeachWilliam|fullAdder4bit_BeachWilliam:adder1|FullAdder_1BitBeachWilliam:adder4|s~11   ; out0             ;
; |fullAdder8Bit_BeachWilliam|fullAdder4bit_BeachWilliam:adder1|FullAdder_1BitBeachWilliam:adder4|s~13   ; |fullAdder8Bit_BeachWilliam|fullAdder4bit_BeachWilliam:adder1|FullAdder_1BitBeachWilliam:adder4|s~13   ; out0             ;
; |fullAdder8Bit_BeachWilliam|fullAdder4bit_BeachWilliam:adder1|FullAdder_1BitBeachWilliam:adder4|s~14   ; |fullAdder8Bit_BeachWilliam|fullAdder4bit_BeachWilliam:adder1|FullAdder_1BitBeachWilliam:adder4|s~14   ; out0             ;
; |fullAdder8Bit_BeachWilliam|fullAdder4bit_BeachWilliam:adder1|FullAdder_1BitBeachWilliam:adder4|s~15   ; |fullAdder8Bit_BeachWilliam|fullAdder4bit_BeachWilliam:adder1|FullAdder_1BitBeachWilliam:adder4|s~15   ; out0             ;
; |fullAdder8Bit_BeachWilliam|fullAdder4bit_BeachWilliam:adder1|FullAdder_1BitBeachWilliam:adder4|s~17   ; |fullAdder8Bit_BeachWilliam|fullAdder4bit_BeachWilliam:adder1|FullAdder_1BitBeachWilliam:adder4|s~17   ; out0             ;
; |fullAdder8Bit_BeachWilliam|fullAdder4bit_BeachWilliam:adder1|FullAdder_1BitBeachWilliam:adder4|cout~0 ; |fullAdder8Bit_BeachWilliam|fullAdder4bit_BeachWilliam:adder1|FullAdder_1BitBeachWilliam:adder4|cout~0 ; out0             ;
; |fullAdder8Bit_BeachWilliam|fullAdder4bit_BeachWilliam:adder1|FullAdder_1BitBeachWilliam:adder4|cout~3 ; |fullAdder8Bit_BeachWilliam|fullAdder4bit_BeachWilliam:adder1|FullAdder_1BitBeachWilliam:adder4|cout~3 ; out0             ;
; |fullAdder8Bit_BeachWilliam|fullAdder4bit_BeachWilliam:adder1|FullAdder_1BitBeachWilliam:adder4|cout~4 ; |fullAdder8Bit_BeachWilliam|fullAdder4bit_BeachWilliam:adder1|FullAdder_1BitBeachWilliam:adder4|cout~4 ; out0             ;
; |fullAdder8Bit_BeachWilliam|fullAdder4bit_BeachWilliam:adder1|FullAdder_1BitBeachWilliam:adder4|cout~6 ; |fullAdder8Bit_BeachWilliam|fullAdder4bit_BeachWilliam:adder1|FullAdder_1BitBeachWilliam:adder4|cout~6 ; out0             ;
; |fullAdder8Bit_BeachWilliam|fullAdder4bit_BeachWilliam:adder1|FullAdder_1BitBeachWilliam:adder3|s~2    ; |fullAdder8Bit_BeachWilliam|fullAdder4bit_BeachWilliam:adder1|FullAdder_1BitBeachWilliam:adder3|s~2    ; out0             ;
; |fullAdder8Bit_BeachWilliam|fullAdder4bit_BeachWilliam:adder1|FullAdder_1BitBeachWilliam:adder3|s~3    ; |fullAdder8Bit_BeachWilliam|fullAdder4bit_BeachWilliam:adder1|FullAdder_1BitBeachWilliam:adder3|s~3    ; out0             ;
; |fullAdder8Bit_BeachWilliam|fullAdder4bit_BeachWilliam:adder1|FullAdder_1BitBeachWilliam:adder3|s~5    ; |fullAdder8Bit_BeachWilliam|fullAdder4bit_BeachWilliam:adder1|FullAdder_1BitBeachWilliam:adder3|s~5    ; out0             ;
; |fullAdder8Bit_BeachWilliam|fullAdder4bit_BeachWilliam:adder1|FullAdder_1BitBeachWilliam:adder3|s~7    ; |fullAdder8Bit_BeachWilliam|fullAdder4bit_BeachWilliam:adder1|FullAdder_1BitBeachWilliam:adder3|s~7    ; out0             ;
; |fullAdder8Bit_BeachWilliam|fullAdder4bit_BeachWilliam:adder1|FullAdder_1BitBeachWilliam:adder3|s~9    ; |fullAdder8Bit_BeachWilliam|fullAdder4bit_BeachWilliam:adder1|FullAdder_1BitBeachWilliam:adder3|s~9    ; out0             ;
; |fullAdder8Bit_BeachWilliam|fullAdder4bit_BeachWilliam:adder1|FullAdder_1BitBeachWilliam:adder3|s~10   ; |fullAdder8Bit_BeachWilliam|fullAdder4bit_BeachWilliam:adder1|FullAdder_1BitBeachWilliam:adder3|s~10   ; out0             ;
; |fullAdder8Bit_BeachWilliam|fullAdder4bit_BeachWilliam:adder1|FullAdder_1BitBeachWilliam:adder3|s~11   ; |fullAdder8Bit_BeachWilliam|fullAdder4bit_BeachWilliam:adder1|FullAdder_1BitBeachWilliam:adder3|s~11   ; out0             ;
; |fullAdder8Bit_BeachWilliam|fullAdder4bit_BeachWilliam:adder1|FullAdder_1BitBeachWilliam:adder3|s~13   ; |fullAdder8Bit_BeachWilliam|fullAdder4bit_BeachWilliam:adder1|FullAdder_1BitBeachWilliam:adder3|s~13   ; out0             ;
; |fullAdder8Bit_BeachWilliam|fullAdder4bit_BeachWilliam:adder1|FullAdder_1BitBeachWilliam:adder3|s~14   ; |fullAdder8Bit_BeachWilliam|fullAdder4bit_BeachWilliam:adder1|FullAdder_1BitBeachWilliam:adder3|s~14   ; out0             ;
; |fullAdder8Bit_BeachWilliam|fullAdder4bit_BeachWilliam:adder1|FullAdder_1BitBeachWilliam:adder3|s~15   ; |fullAdder8Bit_BeachWilliam|fullAdder4bit_BeachWilliam:adder1|FullAdder_1BitBeachWilliam:adder3|s~15   ; out0             ;
; |fullAdder8Bit_BeachWilliam|fullAdder4bit_BeachWilliam:adder1|FullAdder_1BitBeachWilliam:adder3|s~17   ; |fullAdder8Bit_BeachWilliam|fullAdder4bit_BeachWilliam:adder1|FullAdder_1BitBeachWilliam:adder3|s~17   ; out0             ;
; |fullAdder8Bit_BeachWilliam|fullAdder4bit_BeachWilliam:adder1|FullAdder_1BitBeachWilliam:adder3|cout~0 ; |fullAdder8Bit_BeachWilliam|fullAdder4bit_BeachWilliam:adder1|FullAdder_1BitBeachWilliam:adder3|cout~0 ; out0             ;
; |fullAdder8Bit_BeachWilliam|fullAdder4bit_BeachWilliam:adder1|FullAdder_1BitBeachWilliam:adder3|cout~3 ; |fullAdder8Bit_BeachWilliam|fullAdder4bit_BeachWilliam:adder1|FullAdder_1BitBeachWilliam:adder3|cout~3 ; out0             ;
; |fullAdder8Bit_BeachWilliam|fullAdder4bit_BeachWilliam:adder1|FullAdder_1BitBeachWilliam:adder3|cout~4 ; |fullAdder8Bit_BeachWilliam|fullAdder4bit_BeachWilliam:adder1|FullAdder_1BitBeachWilliam:adder3|cout~4 ; out0             ;
; |fullAdder8Bit_BeachWilliam|fullAdder4bit_BeachWilliam:adder1|FullAdder_1BitBeachWilliam:adder3|cout~6 ; |fullAdder8Bit_BeachWilliam|fullAdder4bit_BeachWilliam:adder1|FullAdder_1BitBeachWilliam:adder3|cout~6 ; out0             ;
; |fullAdder8Bit_BeachWilliam|fullAdder4bit_BeachWilliam:adder1|FullAdder_1BitBeachWilliam:adder2|s~2    ; |fullAdder8Bit_BeachWilliam|fullAdder4bit_BeachWilliam:adder1|FullAdder_1BitBeachWilliam:adder2|s~2    ; out0             ;
; |fullAdder8Bit_BeachWilliam|fullAdder4bit_BeachWilliam:adder1|FullAdder_1BitBeachWilliam:adder2|s~3    ; |fullAdder8Bit_BeachWilliam|fullAdder4bit_BeachWilliam:adder1|FullAdder_1BitBeachWilliam:adder2|s~3    ; out0             ;
; |fullAdder8Bit_BeachWilliam|fullAdder4bit_BeachWilliam:adder1|FullAdder_1BitBeachWilliam:adder2|s~5    ; |fullAdder8Bit_BeachWilliam|fullAdder4bit_BeachWilliam:adder1|FullAdder_1BitBeachWilliam:adder2|s~5    ; out0             ;
; |fullAdder8Bit_BeachWilliam|fullAdder4bit_BeachWilliam:adder1|FullAdder_1BitBeachWilliam:adder2|s~7    ; |fullAdder8Bit_BeachWilliam|fullAdder4bit_BeachWilliam:adder1|FullAdder_1BitBeachWilliam:adder2|s~7    ; out0             ;
; |fullAdder8Bit_BeachWilliam|fullAdder4bit_BeachWilliam:adder1|FullAdder_1BitBeachWilliam:adder2|s~9    ; |fullAdder8Bit_BeachWilliam|fullAdder4bit_BeachWilliam:adder1|FullAdder_1BitBeachWilliam:adder2|s~9    ; out0             ;
; |fullAdder8Bit_BeachWilliam|fullAdder4bit_BeachWilliam:adder1|FullAdder_1BitBeachWilliam:adder2|s~10   ; |fullAdder8Bit_BeachWilliam|fullAdder4bit_BeachWilliam:adder1|FullAdder_1BitBeachWilliam:adder2|s~10   ; out0             ;
; |fullAdder8Bit_BeachWilliam|fullAdder4bit_BeachWilliam:adder1|FullAdder_1BitBeachWilliam:adder2|s~11   ; |fullAdder8Bit_BeachWilliam|fullAdder4bit_BeachWilliam:adder1|FullAdder_1BitBeachWilliam:adder2|s~11   ; out0             ;
; |fullAdder8Bit_BeachWilliam|fullAdder4bit_BeachWilliam:adder1|FullAdder_1BitBeachWilliam:adder2|s~13   ; |fullAdder8Bit_BeachWilliam|fullAdder4bit_BeachWilliam:adder1|FullAdder_1BitBeachWilliam:adder2|s~13   ; out0             ;
; |fullAdder8Bit_BeachWilliam|fullAdder4bit_BeachWilliam:adder1|FullAdder_1BitBeachWilliam:adder2|s~14   ; |fullAdder8Bit_BeachWilliam|fullAdder4bit_BeachWilliam:adder1|FullAdder_1BitBeachWilliam:adder2|s~14   ; out0             ;
; |fullAdder8Bit_BeachWilliam|fullAdder4bit_BeachWilliam:adder1|FullAdder_1BitBeachWilliam:adder2|s~15   ; |fullAdder8Bit_BeachWilliam|fullAdder4bit_BeachWilliam:adder1|FullAdder_1BitBeachWilliam:adder2|s~15   ; out0             ;
; |fullAdder8Bit_BeachWilliam|fullAdder4bit_BeachWilliam:adder1|FullAdder_1BitBeachWilliam:adder2|s~17   ; |fullAdder8Bit_BeachWilliam|fullAdder4bit_BeachWilliam:adder1|FullAdder_1BitBeachWilliam:adder2|s~17   ; out0             ;
; |fullAdder8Bit_BeachWilliam|fullAdder4bit_BeachWilliam:adder1|FullAdder_1BitBeachWilliam:adder2|cout~0 ; |fullAdder8Bit_BeachWilliam|fullAdder4bit_BeachWilliam:adder1|FullAdder_1BitBeachWilliam:adder2|cout~0 ; out0             ;
; |fullAdder8Bit_BeachWilliam|fullAdder4bit_BeachWilliam:adder1|FullAdder_1BitBeachWilliam:adder2|cout~3 ; |fullAdder8Bit_BeachWilliam|fullAdder4bit_BeachWilliam:adder1|FullAdder_1BitBeachWilliam:adder2|cout~3 ; out0             ;
; |fullAdder8Bit_BeachWilliam|fullAdder4bit_BeachWilliam:adder1|FullAdder_1BitBeachWilliam:adder2|cout~4 ; |fullAdder8Bit_BeachWilliam|fullAdder4bit_BeachWilliam:adder1|FullAdder_1BitBeachWilliam:adder2|cout~4 ; out0             ;
; |fullAdder8Bit_BeachWilliam|fullAdder4bit_BeachWilliam:adder1|FullAdder_1BitBeachWilliam:adder2|cout~6 ; |fullAdder8Bit_BeachWilliam|fullAdder4bit_BeachWilliam:adder1|FullAdder_1BitBeachWilliam:adder2|cout~6 ; out0             ;
; |fullAdder8Bit_BeachWilliam|fullAdder4bit_BeachWilliam:adder1|FullAdder_1BitBeachWilliam:adder1|s~2    ; |fullAdder8Bit_BeachWilliam|fullAdder4bit_BeachWilliam:adder1|FullAdder_1BitBeachWilliam:adder1|s~2    ; out0             ;
; |fullAdder8Bit_BeachWilliam|fullAdder4bit_BeachWilliam:adder1|FullAdder_1BitBeachWilliam:adder1|s~3    ; |fullAdder8Bit_BeachWilliam|fullAdder4bit_BeachWilliam:adder1|FullAdder_1BitBeachWilliam:adder1|s~3    ; out0             ;
; |fullAdder8Bit_BeachWilliam|fullAdder4bit_BeachWilliam:adder1|FullAdder_1BitBeachWilliam:adder1|s~5    ; |fullAdder8Bit_BeachWilliam|fullAdder4bit_BeachWilliam:adder1|FullAdder_1BitBeachWilliam:adder1|s~5    ; out0             ;
; |fullAdder8Bit_BeachWilliam|fullAdder4bit_BeachWilliam:adder1|FullAdder_1BitBeachWilliam:adder1|s~7    ; |fullAdder8Bit_BeachWilliam|fullAdder4bit_BeachWilliam:adder1|FullAdder_1BitBeachWilliam:adder1|s~7    ; out0             ;
; |fullAdder8Bit_BeachWilliam|fullAdder4bit_BeachWilliam:adder1|FullAdder_1BitBeachWilliam:adder1|s~9    ; |fullAdder8Bit_BeachWilliam|fullAdder4bit_BeachWilliam:adder1|FullAdder_1BitBeachWilliam:adder1|s~9    ; out0             ;
; |fullAdder8Bit_BeachWilliam|fullAdder4bit_BeachWilliam:adder1|FullAdder_1BitBeachWilliam:adder1|s~10   ; |fullAdder8Bit_BeachWilliam|fullAdder4bit_BeachWilliam:adder1|FullAdder_1BitBeachWilliam:adder1|s~10   ; out0             ;
; |fullAdder8Bit_BeachWilliam|fullAdder4bit_BeachWilliam:adder1|FullAdder_1BitBeachWilliam:adder1|s~11   ; |fullAdder8Bit_BeachWilliam|fullAdder4bit_BeachWilliam:adder1|FullAdder_1BitBeachWilliam:adder1|s~11   ; out0             ;
; |fullAdder8Bit_BeachWilliam|fullAdder4bit_BeachWilliam:adder1|FullAdder_1BitBeachWilliam:adder1|s~13   ; |fullAdder8Bit_BeachWilliam|fullAdder4bit_BeachWilliam:adder1|FullAdder_1BitBeachWilliam:adder1|s~13   ; out0             ;
; |fullAdder8Bit_BeachWilliam|fullAdder4bit_BeachWilliam:adder1|FullAdder_1BitBeachWilliam:adder1|s~14   ; |fullAdder8Bit_BeachWilliam|fullAdder4bit_BeachWilliam:adder1|FullAdder_1BitBeachWilliam:adder1|s~14   ; out0             ;
; |fullAdder8Bit_BeachWilliam|fullAdder4bit_BeachWilliam:adder1|FullAdder_1BitBeachWilliam:adder1|s~15   ; |fullAdder8Bit_BeachWilliam|fullAdder4bit_BeachWilliam:adder1|FullAdder_1BitBeachWilliam:adder1|s~15   ; out0             ;
; |fullAdder8Bit_BeachWilliam|fullAdder4bit_BeachWilliam:adder1|FullAdder_1BitBeachWilliam:adder1|s~17   ; |fullAdder8Bit_BeachWilliam|fullAdder4bit_BeachWilliam:adder1|FullAdder_1BitBeachWilliam:adder1|s~17   ; out0             ;
; |fullAdder8Bit_BeachWilliam|fullAdder4bit_BeachWilliam:adder1|FullAdder_1BitBeachWilliam:adder1|cout~0 ; |fullAdder8Bit_BeachWilliam|fullAdder4bit_BeachWilliam:adder1|FullAdder_1BitBeachWilliam:adder1|cout~0 ; out0             ;
; |fullAdder8Bit_BeachWilliam|fullAdder4bit_BeachWilliam:adder1|FullAdder_1BitBeachWilliam:adder1|cout~3 ; |fullAdder8Bit_BeachWilliam|fullAdder4bit_BeachWilliam:adder1|FullAdder_1BitBeachWilliam:adder1|cout~3 ; out0             ;
; |fullAdder8Bit_BeachWilliam|fullAdder4bit_BeachWilliam:adder1|FullAdder_1BitBeachWilliam:adder1|cout~4 ; |fullAdder8Bit_BeachWilliam|fullAdder4bit_BeachWilliam:adder1|FullAdder_1BitBeachWilliam:adder1|cout~4 ; out0             ;
; |fullAdder8Bit_BeachWilliam|fullAdder4bit_BeachWilliam:adder1|FullAdder_1BitBeachWilliam:adder1|cout~6 ; |fullAdder8Bit_BeachWilliam|fullAdder4bit_BeachWilliam:adder1|FullAdder_1BitBeachWilliam:adder1|cout~6 ; out0             ;
+--------------------------------------------------------------------------------------------------------+--------------------------------------------------------------------------------------------------------+------------------+


The following table displays output ports that do not toggle to 0 during simulation.
+------------------------------------------------------------------------------------------------------------------------------------------------------------------------------------------------------------------------------------+
; Missing 0-Value Coverage                                                                                                                                                                                                           ;
+--------------------------------------------------------------------------------------------------------+--------------------------------------------------------------------------------------------------------+------------------+
; Node Name                                                                                              ; Output Port Name                                                                                       ; Output Port Type ;
+--------------------------------------------------------------------------------------------------------+--------------------------------------------------------------------------------------------------------+------------------+
; |fullAdder8Bit_BeachWilliam|Cin                                                                        ; |fullAdder8Bit_BeachWilliam|Cin                                                                        ; out              ;
; |fullAdder8Bit_BeachWilliam|A[0]                                                                       ; |fullAdder8Bit_BeachWilliam|A[0]                                                                       ; out              ;
; |fullAdder8Bit_BeachWilliam|A[1]                                                                       ; |fullAdder8Bit_BeachWilliam|A[1]                                                                       ; out              ;
; |fullAdder8Bit_BeachWilliam|A[2]                                                                       ; |fullAdder8Bit_BeachWilliam|A[2]                                                                       ; out              ;
; |fullAdder8Bit_BeachWilliam|A[3]                                                                       ; |fullAdder8Bit_BeachWilliam|A[3]                                                                       ; out              ;
; |fullAdder8Bit_BeachWilliam|A[4]                                                                       ; |fullAdder8Bit_BeachWilliam|A[4]                                                                       ; out              ;
; |fullAdder8Bit_BeachWilliam|A[5]                                                                       ; |fullAdder8Bit_BeachWilliam|A[5]                                                                       ; out              ;
; |fullAdder8Bit_BeachWilliam|A[6]                                                                       ; |fullAdder8Bit_BeachWilliam|A[6]                                                                       ; out              ;
; |fullAdder8Bit_BeachWilliam|A[7]                                                                       ; |fullAdder8Bit_BeachWilliam|A[7]                                                                       ; out              ;
; |fullAdder8Bit_BeachWilliam|B[0]                                                                       ; |fullAdder8Bit_BeachWilliam|B[0]                                                                       ; out              ;
; |fullAdder8Bit_BeachWilliam|B[1]                                                                       ; |fullAdder8Bit_BeachWilliam|B[1]                                                                       ; out              ;
; |fullAdder8Bit_BeachWilliam|B[2]                                                                       ; |fullAdder8Bit_BeachWilliam|B[2]                                                                       ; out              ;
; |fullAdder8Bit_BeachWilliam|B[3]                                                                       ; |fullAdder8Bit_BeachWilliam|B[3]                                                                       ; out              ;
; |fullAdder8Bit_BeachWilliam|B[4]                                                                       ; |fullAdder8Bit_BeachWilliam|B[4]                                                                       ; out              ;
; |fullAdder8Bit_BeachWilliam|B[5]                                                                       ; |fullAdder8Bit_BeachWilliam|B[5]                                                                       ; out              ;
; |fullAdder8Bit_BeachWilliam|B[6]                                                                       ; |fullAdder8Bit_BeachWilliam|B[6]                                                                       ; out              ;
; |fullAdder8Bit_BeachWilliam|B[7]                                                                       ; |fullAdder8Bit_BeachWilliam|B[7]                                                                       ; out              ;
; |fullAdder8Bit_BeachWilliam|s[0]                                                                       ; |fullAdder8Bit_BeachWilliam|s[0]                                                                       ; pin_out          ;
; |fullAdder8Bit_BeachWilliam|s[1]                                                                       ; |fullAdder8Bit_BeachWilliam|s[1]                                                                       ; pin_out          ;
; |fullAdder8Bit_BeachWilliam|s[2]                                                                       ; |fullAdder8Bit_BeachWilliam|s[2]                                                                       ; pin_out          ;
; |fullAdder8Bit_BeachWilliam|s[3]                                                                       ; |fullAdder8Bit_BeachWilliam|s[3]                                                                       ; pin_out          ;
; |fullAdder8Bit_BeachWilliam|s[4]                                                                       ; |fullAdder8Bit_BeachWilliam|s[4]                                                                       ; pin_out          ;
; |fullAdder8Bit_BeachWilliam|s[5]                                                                       ; |fullAdder8Bit_BeachWilliam|s[5]                                                                       ; pin_out          ;
; |fullAdder8Bit_BeachWilliam|s[6]                                                                       ; |fullAdder8Bit_BeachWilliam|s[6]                                                                       ; pin_out          ;
; |fullAdder8Bit_BeachWilliam|s[7]                                                                       ; |fullAdder8Bit_BeachWilliam|s[7]                                                                       ; pin_out          ;
; |fullAdder8Bit_BeachWilliam|cout                                                                       ; |fullAdder8Bit_BeachWilliam|cout                                                                       ; pin_out          ;
; |fullAdder8Bit_BeachWilliam|fullAdder4bit_BeachWilliam:adder2|FullAdder_1BitBeachWilliam:adder4|s~2    ; |fullAdder8Bit_BeachWilliam|fullAdder4bit_BeachWilliam:adder2|FullAdder_1BitBeachWilliam:adder4|s~2    ; out0             ;
; |fullAdder8Bit_BeachWilliam|fullAdder4bit_BeachWilliam:adder2|FullAdder_1BitBeachWilliam:adder4|s~3    ; |fullAdder8Bit_BeachWilliam|fullAdder4bit_BeachWilliam:adder2|FullAdder_1BitBeachWilliam:adder4|s~3    ; out0             ;
; |fullAdder8Bit_BeachWilliam|fullAdder4bit_BeachWilliam:adder2|FullAdder_1BitBeachWilliam:adder4|s~5    ; |fullAdder8Bit_BeachWilliam|fullAdder4bit_BeachWilliam:adder2|FullAdder_1BitBeachWilliam:adder4|s~5    ; out0             ;
; |fullAdder8Bit_BeachWilliam|fullAdder4bit_BeachWilliam:adder2|FullAdder_1BitBeachWilliam:adder4|s~7    ; |fullAdder8Bit_BeachWilliam|fullAdder4bit_BeachWilliam:adder2|FullAdder_1BitBeachWilliam:adder4|s~7    ; out0             ;
; |fullAdder8Bit_BeachWilliam|fullAdder4bit_BeachWilliam:adder2|FullAdder_1BitBeachWilliam:adder4|s~9    ; |fullAdder8Bit_BeachWilliam|fullAdder4bit_BeachWilliam:adder2|FullAdder_1BitBeachWilliam:adder4|s~9    ; out0             ;
; |fullAdder8Bit_BeachWilliam|fullAdder4bit_BeachWilliam:adder2|FullAdder_1BitBeachWilliam:adder4|s~10   ; |fullAdder8Bit_BeachWilliam|fullAdder4bit_BeachWilliam:adder2|FullAdder_1BitBeachWilliam:adder4|s~10   ; out0             ;
; |fullAdder8Bit_BeachWilliam|fullAdder4bit_BeachWilliam:adder2|FullAdder_1BitBeachWilliam:adder4|s~11   ; |fullAdder8Bit_BeachWilliam|fullAdder4bit_BeachWilliam:adder2|FullAdder_1BitBeachWilliam:adder4|s~11   ; out0             ;
; |fullAdder8Bit_BeachWilliam|fullAdder4bit_BeachWilliam:adder2|FullAdder_1BitBeachWilliam:adder4|s~13   ; |fullAdder8Bit_BeachWilliam|fullAdder4bit_BeachWilliam:adder2|FullAdder_1BitBeachWilliam:adder4|s~13   ; out0             ;
; |fullAdder8Bit_BeachWilliam|fullAdder4bit_BeachWilliam:adder2|FullAdder_1BitBeachWilliam:adder4|s~14   ; |fullAdder8Bit_BeachWilliam|fullAdder4bit_BeachWilliam:adder2|FullAdder_1BitBeachWilliam:adder4|s~14   ; out0             ;
; |fullAdder8Bit_BeachWilliam|fullAdder4bit_BeachWilliam:adder2|FullAdder_1BitBeachWilliam:adder4|s~15   ; |fullAdder8Bit_BeachWilliam|fullAdder4bit_BeachWilliam:adder2|FullAdder_1BitBeachWilliam:adder4|s~15   ; out0             ;
; |fullAdder8Bit_BeachWilliam|fullAdder4bit_BeachWilliam:adder2|FullAdder_1BitBeachWilliam:adder4|s~17   ; |fullAdder8Bit_BeachWilliam|fullAdder4bit_BeachWilliam:adder2|FullAdder_1BitBeachWilliam:adder4|s~17   ; out0             ;
; |fullAdder8Bit_BeachWilliam|fullAdder4bit_BeachWilliam:adder2|FullAdder_1BitBeachWilliam:adder4|cout~0 ; |fullAdder8Bit_BeachWilliam|fullAdder4bit_BeachWilliam:adder2|FullAdder_1BitBeachWilliam:adder4|cout~0 ; out0             ;
; |fullAdder8Bit_BeachWilliam|fullAdder4bit_BeachWilliam:adder2|FullAdder_1BitBeachWilliam:adder4|cout~3 ; |fullAdder8Bit_BeachWilliam|fullAdder4bit_BeachWilliam:adder2|FullAdder_1BitBeachWilliam:adder4|cout~3 ; out0             ;
; |fullAdder8Bit_BeachWilliam|fullAdder4bit_BeachWilliam:adder2|FullAdder_1BitBeachWilliam:adder4|cout~4 ; |fullAdder8Bit_BeachWilliam|fullAdder4bit_BeachWilliam:adder2|FullAdder_1BitBeachWilliam:adder4|cout~4 ; out0             ;
; |fullAdder8Bit_BeachWilliam|fullAdder4bit_BeachWilliam:adder2|FullAdder_1BitBeachWilliam:adder4|cout~6 ; |fullAdder8Bit_BeachWilliam|fullAdder4bit_BeachWilliam:adder2|FullAdder_1BitBeachWilliam:adder4|cout~6 ; out0             ;
; |fullAdder8Bit_BeachWilliam|fullAdder4bit_BeachWilliam:adder2|FullAdder_1BitBeachWilliam:adder3|s~2    ; |fullAdder8Bit_BeachWilliam|fullAdder4bit_BeachWilliam:adder2|FullAdder_1BitBeachWilliam:adder3|s~2    ; out0             ;
; |fullAdder8Bit_BeachWilliam|fullAdder4bit_BeachWilliam:adder2|FullAdder_1BitBeachWilliam:adder3|s~3    ; |fullAdder8Bit_BeachWilliam|fullAdder4bit_BeachWilliam:adder2|FullAdder_1BitBeachWilliam:adder3|s~3    ; out0             ;
; |fullAdder8Bit_BeachWilliam|fullAdder4bit_BeachWilliam:adder2|FullAdder_1BitBeachWilliam:adder3|s~5    ; |fullAdder8Bit_BeachWilliam|fullAdder4bit_BeachWilliam:adder2|FullAdder_1BitBeachWilliam:adder3|s~5    ; out0             ;
; |fullAdder8Bit_BeachWilliam|fullAdder4bit_BeachWilliam:adder2|FullAdder_1BitBeachWilliam:adder3|s~7    ; |fullAdder8Bit_BeachWilliam|fullAdder4bit_BeachWilliam:adder2|FullAdder_1BitBeachWilliam:adder3|s~7    ; out0             ;
; |fullAdder8Bit_BeachWilliam|fullAdder4bit_BeachWilliam:adder2|FullAdder_1BitBeachWilliam:adder3|s~9    ; |fullAdder8Bit_BeachWilliam|fullAdder4bit_BeachWilliam:adder2|FullAdder_1BitBeachWilliam:adder3|s~9    ; out0             ;
; |fullAdder8Bit_BeachWilliam|fullAdder4bit_BeachWilliam:adder2|FullAdder_1BitBeachWilliam:adder3|s~10   ; |fullAdder8Bit_BeachWilliam|fullAdder4bit_BeachWilliam:adder2|FullAdder_1BitBeachWilliam:adder3|s~10   ; out0             ;
; |fullAdder8Bit_BeachWilliam|fullAdder4bit_BeachWilliam:adder2|FullAdder_1BitBeachWilliam:adder3|s~11   ; |fullAdder8Bit_BeachWilliam|fullAdder4bit_BeachWilliam:adder2|FullAdder_1BitBeachWilliam:adder3|s~11   ; out0             ;
; |fullAdder8Bit_BeachWilliam|fullAdder4bit_BeachWilliam:adder2|FullAdder_1BitBeachWilliam:adder3|s~13   ; |fullAdder8Bit_BeachWilliam|fullAdder4bit_BeachWilliam:adder2|FullAdder_1BitBeachWilliam:adder3|s~13   ; out0             ;
; |fullAdder8Bit_BeachWilliam|fullAdder4bit_BeachWilliam:adder2|FullAdder_1BitBeachWilliam:adder3|s~14   ; |fullAdder8Bit_BeachWilliam|fullAdder4bit_BeachWilliam:adder2|FullAdder_1BitBeachWilliam:adder3|s~14   ; out0             ;
; |fullAdder8Bit_BeachWilliam|fullAdder4bit_BeachWilliam:adder2|FullAdder_1BitBeachWilliam:adder3|s~15   ; |fullAdder8Bit_BeachWilliam|fullAdder4bit_BeachWilliam:adder2|FullAdder_1BitBeachWilliam:adder3|s~15   ; out0             ;
; |fullAdder8Bit_BeachWilliam|fullAdder4bit_BeachWilliam:adder2|FullAdder_1BitBeachWilliam:adder3|s~17   ; |fullAdder8Bit_BeachWilliam|fullAdder4bit_BeachWilliam:adder2|FullAdder_1BitBeachWilliam:adder3|s~17   ; out0             ;
; |fullAdder8Bit_BeachWilliam|fullAdder4bit_BeachWilliam:adder2|FullAdder_1BitBeachWilliam:adder3|cout~0 ; |fullAdder8Bit_BeachWilliam|fullAdder4bit_BeachWilliam:adder2|FullAdder_1BitBeachWilliam:adder3|cout~0 ; out0             ;
; |fullAdder8Bit_BeachWilliam|fullAdder4bit_BeachWilliam:adder2|FullAdder_1BitBeachWilliam:adder3|cout~3 ; |fullAdder8Bit_BeachWilliam|fullAdder4bit_BeachWilliam:adder2|FullAdder_1BitBeachWilliam:adder3|cout~3 ; out0             ;
; |fullAdder8Bit_BeachWilliam|fullAdder4bit_BeachWilliam:adder2|FullAdder_1BitBeachWilliam:adder3|cout~4 ; |fullAdder8Bit_BeachWilliam|fullAdder4bit_BeachWilliam:adder2|FullAdder_1BitBeachWilliam:adder3|cout~4 ; out0             ;
; |fullAdder8Bit_BeachWilliam|fullAdder4bit_BeachWilliam:adder2|FullAdder_1BitBeachWilliam:adder3|cout~6 ; |fullAdder8Bit_BeachWilliam|fullAdder4bit_BeachWilliam:adder2|FullAdder_1BitBeachWilliam:adder3|cout~6 ; out0             ;
; |fullAdder8Bit_BeachWilliam|fullAdder4bit_BeachWilliam:adder2|FullAdder_1BitBeachWilliam:adder2|s~2    ; |fullAdder8Bit_BeachWilliam|fullAdder4bit_BeachWilliam:adder2|FullAdder_1BitBeachWilliam:adder2|s~2    ; out0             ;
; |fullAdder8Bit_BeachWilliam|fullAdder4bit_BeachWilliam:adder2|FullAdder_1BitBeachWilliam:adder2|s~3    ; |fullAdder8Bit_BeachWilliam|fullAdder4bit_BeachWilliam:adder2|FullAdder_1BitBeachWilliam:adder2|s~3    ; out0             ;
; |fullAdder8Bit_BeachWilliam|fullAdder4bit_BeachWilliam:adder2|FullAdder_1BitBeachWilliam:adder2|s~5    ; |fullAdder8Bit_BeachWilliam|fullAdder4bit_BeachWilliam:adder2|FullAdder_1BitBeachWilliam:adder2|s~5    ; out0             ;
; |fullAdder8Bit_BeachWilliam|fullAdder4bit_BeachWilliam:adder2|FullAdder_1BitBeachWilliam:adder2|s~7    ; |fullAdder8Bit_BeachWilliam|fullAdder4bit_BeachWilliam:adder2|FullAdder_1BitBeachWilliam:adder2|s~7    ; out0             ;
; |fullAdder8Bit_BeachWilliam|fullAdder4bit_BeachWilliam:adder2|FullAdder_1BitBeachWilliam:adder2|s~9    ; |fullAdder8Bit_BeachWilliam|fullAdder4bit_BeachWilliam:adder2|FullAdder_1BitBeachWilliam:adder2|s~9    ; out0             ;
; |fullAdder8Bit_BeachWilliam|fullAdder4bit_BeachWilliam:adder2|FullAdder_1BitBeachWilliam:adder2|s~10   ; |fullAdder8Bit_BeachWilliam|fullAdder4bit_BeachWilliam:adder2|FullAdder_1BitBeachWilliam:adder2|s~10   ; out0             ;
; |fullAdder8Bit_BeachWilliam|fullAdder4bit_BeachWilliam:adder2|FullAdder_1BitBeachWilliam:adder2|s~11   ; |fullAdder8Bit_BeachWilliam|fullAdder4bit_BeachWilliam:adder2|FullAdder_1BitBeachWilliam:adder2|s~11   ; out0             ;
; |fullAdder8Bit_BeachWilliam|fullAdder4bit_BeachWilliam:adder2|FullAdder_1BitBeachWilliam:adder2|s~13   ; |fullAdder8Bit_BeachWilliam|fullAdder4bit_BeachWilliam:adder2|FullAdder_1BitBeachWilliam:adder2|s~13   ; out0             ;
; |fullAdder8Bit_BeachWilliam|fullAdder4bit_BeachWilliam:adder2|FullAdder_1BitBeachWilliam:adder2|s~14   ; |fullAdder8Bit_BeachWilliam|fullAdder4bit_BeachWilliam:adder2|FullAdder_1BitBeachWilliam:adder2|s~14   ; out0             ;
; |fullAdder8Bit_BeachWilliam|fullAdder4bit_BeachWilliam:adder2|FullAdder_1BitBeachWilliam:adder2|s~15   ; |fullAdder8Bit_BeachWilliam|fullAdder4bit_BeachWilliam:adder2|FullAdder_1BitBeachWilliam:adder2|s~15   ; out0             ;
; |fullAdder8Bit_BeachWilliam|fullAdder4bit_BeachWilliam:adder2|FullAdder_1BitBeachWilliam:adder2|s~17   ; |fullAdder8Bit_BeachWilliam|fullAdder4bit_BeachWilliam:adder2|FullAdder_1BitBeachWilliam:adder2|s~17   ; out0             ;
; |fullAdder8Bit_BeachWilliam|fullAdder4bit_BeachWilliam:adder2|FullAdder_1BitBeachWilliam:adder2|cout~0 ; |fullAdder8Bit_BeachWilliam|fullAdder4bit_BeachWilliam:adder2|FullAdder_1BitBeachWilliam:adder2|cout~0 ; out0             ;
; |fullAdder8Bit_BeachWilliam|fullAdder4bit_BeachWilliam:adder2|FullAdder_1BitBeachWilliam:adder2|cout~3 ; |fullAdder8Bit_BeachWilliam|fullAdder4bit_BeachWilliam:adder2|FullAdder_1BitBeachWilliam:adder2|cout~3 ; out0             ;
; |fullAdder8Bit_BeachWilliam|fullAdder4bit_BeachWilliam:adder2|FullAdder_1BitBeachWilliam:adder2|cout~4 ; |fullAdder8Bit_BeachWilliam|fullAdder4bit_BeachWilliam:adder2|FullAdder_1BitBeachWilliam:adder2|cout~4 ; out0             ;
; |fullAdder8Bit_BeachWilliam|fullAdder4bit_BeachWilliam:adder2|FullAdder_1BitBeachWilliam:adder2|cout~6 ; |fullAdder8Bit_BeachWilliam|fullAdder4bit_BeachWilliam:adder2|FullAdder_1BitBeachWilliam:adder2|cout~6 ; out0             ;
; |fullAdder8Bit_BeachWilliam|fullAdder4bit_BeachWilliam:adder2|FullAdder_1BitBeachWilliam:adder1|s~2    ; |fullAdder8Bit_BeachWilliam|fullAdder4bit_BeachWilliam:adder2|FullAdder_1BitBeachWilliam:adder1|s~2    ; out0             ;
; |fullAdder8Bit_BeachWilliam|fullAdder4bit_BeachWilliam:adder2|FullAdder_1BitBeachWilliam:adder1|s~3    ; |fullAdder8Bit_BeachWilliam|fullAdder4bit_BeachWilliam:adder2|FullAdder_1BitBeachWilliam:adder1|s~3    ; out0             ;
; |fullAdder8Bit_BeachWilliam|fullAdder4bit_BeachWilliam:adder2|FullAdder_1BitBeachWilliam:adder1|s~5    ; |fullAdder8Bit_BeachWilliam|fullAdder4bit_BeachWilliam:adder2|FullAdder_1BitBeachWilliam:adder1|s~5    ; out0             ;
; |fullAdder8Bit_BeachWilliam|fullAdder4bit_BeachWilliam:adder2|FullAdder_1BitBeachWilliam:adder1|s~7    ; |fullAdder8Bit_BeachWilliam|fullAdder4bit_BeachWilliam:adder2|FullAdder_1BitBeachWilliam:adder1|s~7    ; out0             ;
; |fullAdder8Bit_BeachWilliam|fullAdder4bit_BeachWilliam:adder2|FullAdder_1BitBeachWilliam:adder1|s~9    ; |fullAdder8Bit_BeachWilliam|fullAdder4bit_BeachWilliam:adder2|FullAdder_1BitBeachWilliam:adder1|s~9    ; out0             ;
; |fullAdder8Bit_BeachWilliam|fullAdder4bit_BeachWilliam:adder2|FullAdder_1BitBeachWilliam:adder1|s~10   ; |fullAdder8Bit_BeachWilliam|fullAdder4bit_BeachWilliam:adder2|FullAdder_1BitBeachWilliam:adder1|s~10   ; out0             ;
; |fullAdder8Bit_BeachWilliam|fullAdder4bit_BeachWilliam:adder2|FullAdder_1BitBeachWilliam:adder1|s~11   ; |fullAdder8Bit_BeachWilliam|fullAdder4bit_BeachWilliam:adder2|FullAdder_1BitBeachWilliam:adder1|s~11   ; out0             ;
; |fullAdder8Bit_BeachWilliam|fullAdder4bit_BeachWilliam:adder2|FullAdder_1BitBeachWilliam:adder1|s~13   ; |fullAdder8Bit_BeachWilliam|fullAdder4bit_BeachWilliam:adder2|FullAdder_1BitBeachWilliam:adder1|s~13   ; out0             ;
; |fullAdder8Bit_BeachWilliam|fullAdder4bit_BeachWilliam:adder2|FullAdder_1BitBeachWilliam:adder1|s~14   ; |fullAdder8Bit_BeachWilliam|fullAdder4bit_BeachWilliam:adder2|FullAdder_1BitBeachWilliam:adder1|s~14   ; out0             ;
; |fullAdder8Bit_BeachWilliam|fullAdder4bit_BeachWilliam:adder2|FullAdder_1BitBeachWilliam:adder1|s~15   ; |fullAdder8Bit_BeachWilliam|fullAdder4bit_BeachWilliam:adder2|FullAdder_1BitBeachWilliam:adder1|s~15   ; out0             ;
; |fullAdder8Bit_BeachWilliam|fullAdder4bit_BeachWilliam:adder2|FullAdder_1BitBeachWilliam:adder1|s~17   ; |fullAdder8Bit_BeachWilliam|fullAdder4bit_BeachWilliam:adder2|FullAdder_1BitBeachWilliam:adder1|s~17   ; out0             ;
; |fullAdder8Bit_BeachWilliam|fullAdder4bit_BeachWilliam:adder2|FullAdder_1BitBeachWilliam:adder1|cout~0 ; |fullAdder8Bit_BeachWilliam|fullAdder4bit_BeachWilliam:adder2|FullAdder_1BitBeachWilliam:adder1|cout~0 ; out0             ;
; |fullAdder8Bit_BeachWilliam|fullAdder4bit_BeachWilliam:adder2|FullAdder_1BitBeachWilliam:adder1|cout~3 ; |fullAdder8Bit_BeachWilliam|fullAdder4bit_BeachWilliam:adder2|FullAdder_1BitBeachWilliam:adder1|cout~3 ; out0             ;
; |fullAdder8Bit_BeachWilliam|fullAdder4bit_BeachWilliam:adder2|FullAdder_1BitBeachWilliam:adder1|cout~4 ; |fullAdder8Bit_BeachWilliam|fullAdder4bit_BeachWilliam:adder2|FullAdder_1BitBeachWilliam:adder1|cout~4 ; out0             ;
; |fullAdder8Bit_BeachWilliam|fullAdder4bit_BeachWilliam:adder2|FullAdder_1BitBeachWilliam:adder1|cout~6 ; |fullAdder8Bit_BeachWilliam|fullAdder4bit_BeachWilliam:adder2|FullAdder_1BitBeachWilliam:adder1|cout~6 ; out0             ;
; |fullAdder8Bit_BeachWilliam|fullAdder4bit_BeachWilliam:adder1|FullAdder_1BitBeachWilliam:adder4|s~2    ; |fullAdder8Bit_BeachWilliam|fullAdder4bit_BeachWilliam:adder1|FullAdder_1BitBeachWilliam:adder4|s~2    ; out0             ;
; |fullAdder8Bit_BeachWilliam|fullAdder4bit_BeachWilliam:adder1|FullAdder_1BitBeachWilliam:adder4|s~3    ; |fullAdder8Bit_BeachWilliam|fullAdder4bit_BeachWilliam:adder1|FullAdder_1BitBeachWilliam:adder4|s~3    ; out0             ;
; |fullAdder8Bit_BeachWilliam|fullAdder4bit_BeachWilliam:adder1|FullAdder_1BitBeachWilliam:adder4|s~5    ; |fullAdder8Bit_BeachWilliam|fullAdder4bit_BeachWilliam:adder1|FullAdder_1BitBeachWilliam:adder4|s~5    ; out0             ;
; |fullAdder8Bit_BeachWilliam|fullAdder4bit_BeachWilliam:adder1|FullAdder_1BitBeachWilliam:adder4|s~7    ; |fullAdder8Bit_BeachWilliam|fullAdder4bit_BeachWilliam:adder1|FullAdder_1BitBeachWilliam:adder4|s~7    ; out0             ;
; |fullAdder8Bit_BeachWilliam|fullAdder4bit_BeachWilliam:adder1|FullAdder_1BitBeachWilliam:adder4|s~9    ; |fullAdder8Bit_BeachWilliam|fullAdder4bit_BeachWilliam:adder1|FullAdder_1BitBeachWilliam:adder4|s~9    ; out0             ;
; |fullAdder8Bit_BeachWilliam|fullAdder4bit_BeachWilliam:adder1|FullAdder_1BitBeachWilliam:adder4|s~10   ; |fullAdder8Bit_BeachWilliam|fullAdder4bit_BeachWilliam:adder1|FullAdder_1BitBeachWilliam:adder4|s~10   ; out0             ;
; |fullAdder8Bit_BeachWilliam|fullAdder4bit_BeachWilliam:adder1|FullAdder_1BitBeachWilliam:adder4|s~11   ; |fullAdder8Bit_BeachWilliam|fullAdder4bit_BeachWilliam:adder1|FullAdder_1BitBeachWilliam:adder4|s~11   ; out0             ;
; |fullAdder8Bit_BeachWilliam|fullAdder4bit_BeachWilliam:adder1|FullAdder_1BitBeachWilliam:adder4|s~13   ; |fullAdder8Bit_BeachWilliam|fullAdder4bit_BeachWilliam:adder1|FullAdder_1BitBeachWilliam:adder4|s~13   ; out0             ;
; |fullAdder8Bit_BeachWilliam|fullAdder4bit_BeachWilliam:adder1|FullAdder_1BitBeachWilliam:adder4|s~14   ; |fullAdder8Bit_BeachWilliam|fullAdder4bit_BeachWilliam:adder1|FullAdder_1BitBeachWilliam:adder4|s~14   ; out0             ;
; |fullAdder8Bit_BeachWilliam|fullAdder4bit_BeachWilliam:adder1|FullAdder_1BitBeachWilliam:adder4|s~15   ; |fullAdder8Bit_BeachWilliam|fullAdder4bit_BeachWilliam:adder1|FullAdder_1BitBeachWilliam:adder4|s~15   ; out0             ;
; |fullAdder8Bit_BeachWilliam|fullAdder4bit_BeachWilliam:adder1|FullAdder_1BitBeachWilliam:adder4|s~17   ; |fullAdder8Bit_BeachWilliam|fullAdder4bit_BeachWilliam:adder1|FullAdder_1BitBeachWilliam:adder4|s~17   ; out0             ;
; |fullAdder8Bit_BeachWilliam|fullAdder4bit_BeachWilliam:adder1|FullAdder_1BitBeachWilliam:adder4|cout~0 ; |fullAdder8Bit_BeachWilliam|fullAdder4bit_BeachWilliam:adder1|FullAdder_1BitBeachWilliam:adder4|cout~0 ; out0             ;
; |fullAdder8Bit_BeachWilliam|fullAdder4bit_BeachWilliam:adder1|FullAdder_1BitBeachWilliam:adder4|cout~3 ; |fullAdder8Bit_BeachWilliam|fullAdder4bit_BeachWilliam:adder1|FullAdder_1BitBeachWilliam:adder4|cout~3 ; out0             ;
; |fullAdder8Bit_BeachWilliam|fullAdder4bit_BeachWilliam:adder1|FullAdder_1BitBeachWilliam:adder4|cout~4 ; |fullAdder8Bit_BeachWilliam|fullAdder4bit_BeachWilliam:adder1|FullAdder_1BitBeachWilliam:adder4|cout~4 ; out0             ;
; |fullAdder8Bit_BeachWilliam|fullAdder4bit_BeachWilliam:adder1|FullAdder_1BitBeachWilliam:adder4|cout~6 ; |fullAdder8Bit_BeachWilliam|fullAdder4bit_BeachWilliam:adder1|FullAdder_1BitBeachWilliam:adder4|cout~6 ; out0             ;
; |fullAdder8Bit_BeachWilliam|fullAdder4bit_BeachWilliam:adder1|FullAdder_1BitBeachWilliam:adder3|s~2    ; |fullAdder8Bit_BeachWilliam|fullAdder4bit_BeachWilliam:adder1|FullAdder_1BitBeachWilliam:adder3|s~2    ; out0             ;
; |fullAdder8Bit_BeachWilliam|fullAdder4bit_BeachWilliam:adder1|FullAdder_1BitBeachWilliam:adder3|s~3    ; |fullAdder8Bit_BeachWilliam|fullAdder4bit_BeachWilliam:adder1|FullAdder_1BitBeachWilliam:adder3|s~3    ; out0             ;
; |fullAdder8Bit_BeachWilliam|fullAdder4bit_BeachWilliam:adder1|FullAdder_1BitBeachWilliam:adder3|s~5    ; |fullAdder8Bit_BeachWilliam|fullAdder4bit_BeachWilliam:adder1|FullAdder_1BitBeachWilliam:adder3|s~5    ; out0             ;
; |fullAdder8Bit_BeachWilliam|fullAdder4bit_BeachWilliam:adder1|FullAdder_1BitBeachWilliam:adder3|s~7    ; |fullAdder8Bit_BeachWilliam|fullAdder4bit_BeachWilliam:adder1|FullAdder_1BitBeachWilliam:adder3|s~7    ; out0             ;
; |fullAdder8Bit_BeachWilliam|fullAdder4bit_BeachWilliam:adder1|FullAdder_1BitBeachWilliam:adder3|s~9    ; |fullAdder8Bit_BeachWilliam|fullAdder4bit_BeachWilliam:adder1|FullAdder_1BitBeachWilliam:adder3|s~9    ; out0             ;
; |fullAdder8Bit_BeachWilliam|fullAdder4bit_BeachWilliam:adder1|FullAdder_1BitBeachWilliam:adder3|s~10   ; |fullAdder8Bit_BeachWilliam|fullAdder4bit_BeachWilliam:adder1|FullAdder_1BitBeachWilliam:adder3|s~10   ; out0             ;
; |fullAdder8Bit_BeachWilliam|fullAdder4bit_BeachWilliam:adder1|FullAdder_1BitBeachWilliam:adder3|s~11   ; |fullAdder8Bit_BeachWilliam|fullAdder4bit_BeachWilliam:adder1|FullAdder_1BitBeachWilliam:adder3|s~11   ; out0             ;
; |fullAdder8Bit_BeachWilliam|fullAdder4bit_BeachWilliam:adder1|FullAdder_1BitBeachWilliam:adder3|s~13   ; |fullAdder8Bit_BeachWilliam|fullAdder4bit_BeachWilliam:adder1|FullAdder_1BitBeachWilliam:adder3|s~13   ; out0             ;
; |fullAdder8Bit_BeachWilliam|fullAdder4bit_BeachWilliam:adder1|FullAdder_1BitBeachWilliam:adder3|s~14   ; |fullAdder8Bit_BeachWilliam|fullAdder4bit_BeachWilliam:adder1|FullAdder_1BitBeachWilliam:adder3|s~14   ; out0             ;
; |fullAdder8Bit_BeachWilliam|fullAdder4bit_BeachWilliam:adder1|FullAdder_1BitBeachWilliam:adder3|s~15   ; |fullAdder8Bit_BeachWilliam|fullAdder4bit_BeachWilliam:adder1|FullAdder_1BitBeachWilliam:adder3|s~15   ; out0             ;
; |fullAdder8Bit_BeachWilliam|fullAdder4bit_BeachWilliam:adder1|FullAdder_1BitBeachWilliam:adder3|s~17   ; |fullAdder8Bit_BeachWilliam|fullAdder4bit_BeachWilliam:adder1|FullAdder_1BitBeachWilliam:adder3|s~17   ; out0             ;
; |fullAdder8Bit_BeachWilliam|fullAdder4bit_BeachWilliam:adder1|FullAdder_1BitBeachWilliam:adder3|cout~0 ; |fullAdder8Bit_BeachWilliam|fullAdder4bit_BeachWilliam:adder1|FullAdder_1BitBeachWilliam:adder3|cout~0 ; out0             ;
; |fullAdder8Bit_BeachWilliam|fullAdder4bit_BeachWilliam:adder1|FullAdder_1BitBeachWilliam:adder3|cout~3 ; |fullAdder8Bit_BeachWilliam|fullAdder4bit_BeachWilliam:adder1|FullAdder_1BitBeachWilliam:adder3|cout~3 ; out0             ;
; |fullAdder8Bit_BeachWilliam|fullAdder4bit_BeachWilliam:adder1|FullAdder_1BitBeachWilliam:adder3|cout~4 ; |fullAdder8Bit_BeachWilliam|fullAdder4bit_BeachWilliam:adder1|FullAdder_1BitBeachWilliam:adder3|cout~4 ; out0             ;
; |fullAdder8Bit_BeachWilliam|fullAdder4bit_BeachWilliam:adder1|FullAdder_1BitBeachWilliam:adder3|cout~6 ; |fullAdder8Bit_BeachWilliam|fullAdder4bit_BeachWilliam:adder1|FullAdder_1BitBeachWilliam:adder3|cout~6 ; out0             ;
; |fullAdder8Bit_BeachWilliam|fullAdder4bit_BeachWilliam:adder1|FullAdder_1BitBeachWilliam:adder2|s~2    ; |fullAdder8Bit_BeachWilliam|fullAdder4bit_BeachWilliam:adder1|FullAdder_1BitBeachWilliam:adder2|s~2    ; out0             ;
; |fullAdder8Bit_BeachWilliam|fullAdder4bit_BeachWilliam:adder1|FullAdder_1BitBeachWilliam:adder2|s~3    ; |fullAdder8Bit_BeachWilliam|fullAdder4bit_BeachWilliam:adder1|FullAdder_1BitBeachWilliam:adder2|s~3    ; out0             ;
; |fullAdder8Bit_BeachWilliam|fullAdder4bit_BeachWilliam:adder1|FullAdder_1BitBeachWilliam:adder2|s~5    ; |fullAdder8Bit_BeachWilliam|fullAdder4bit_BeachWilliam:adder1|FullAdder_1BitBeachWilliam:adder2|s~5    ; out0             ;
; |fullAdder8Bit_BeachWilliam|fullAdder4bit_BeachWilliam:adder1|FullAdder_1BitBeachWilliam:adder2|s~7    ; |fullAdder8Bit_BeachWilliam|fullAdder4bit_BeachWilliam:adder1|FullAdder_1BitBeachWilliam:adder2|s~7    ; out0             ;
; |fullAdder8Bit_BeachWilliam|fullAdder4bit_BeachWilliam:adder1|FullAdder_1BitBeachWilliam:adder2|s~9    ; |fullAdder8Bit_BeachWilliam|fullAdder4bit_BeachWilliam:adder1|FullAdder_1BitBeachWilliam:adder2|s~9    ; out0             ;
; |fullAdder8Bit_BeachWilliam|fullAdder4bit_BeachWilliam:adder1|FullAdder_1BitBeachWilliam:adder2|s~10   ; |fullAdder8Bit_BeachWilliam|fullAdder4bit_BeachWilliam:adder1|FullAdder_1BitBeachWilliam:adder2|s~10   ; out0             ;
; |fullAdder8Bit_BeachWilliam|fullAdder4bit_BeachWilliam:adder1|FullAdder_1BitBeachWilliam:adder2|s~11   ; |fullAdder8Bit_BeachWilliam|fullAdder4bit_BeachWilliam:adder1|FullAdder_1BitBeachWilliam:adder2|s~11   ; out0             ;
; |fullAdder8Bit_BeachWilliam|fullAdder4bit_BeachWilliam:adder1|FullAdder_1BitBeachWilliam:adder2|s~13   ; |fullAdder8Bit_BeachWilliam|fullAdder4bit_BeachWilliam:adder1|FullAdder_1BitBeachWilliam:adder2|s~13   ; out0             ;
; |fullAdder8Bit_BeachWilliam|fullAdder4bit_BeachWilliam:adder1|FullAdder_1BitBeachWilliam:adder2|s~14   ; |fullAdder8Bit_BeachWilliam|fullAdder4bit_BeachWilliam:adder1|FullAdder_1BitBeachWilliam:adder2|s~14   ; out0             ;
; |fullAdder8Bit_BeachWilliam|fullAdder4bit_BeachWilliam:adder1|FullAdder_1BitBeachWilliam:adder2|s~15   ; |fullAdder8Bit_BeachWilliam|fullAdder4bit_BeachWilliam:adder1|FullAdder_1BitBeachWilliam:adder2|s~15   ; out0             ;
; |fullAdder8Bit_BeachWilliam|fullAdder4bit_BeachWilliam:adder1|FullAdder_1BitBeachWilliam:adder2|s~17   ; |fullAdder8Bit_BeachWilliam|fullAdder4bit_BeachWilliam:adder1|FullAdder_1BitBeachWilliam:adder2|s~17   ; out0             ;
; |fullAdder8Bit_BeachWilliam|fullAdder4bit_BeachWilliam:adder1|FullAdder_1BitBeachWilliam:adder2|cout~0 ; |fullAdder8Bit_BeachWilliam|fullAdder4bit_BeachWilliam:adder1|FullAdder_1BitBeachWilliam:adder2|cout~0 ; out0             ;
; |fullAdder8Bit_BeachWilliam|fullAdder4bit_BeachWilliam:adder1|FullAdder_1BitBeachWilliam:adder2|cout~3 ; |fullAdder8Bit_BeachWilliam|fullAdder4bit_BeachWilliam:adder1|FullAdder_1BitBeachWilliam:adder2|cout~3 ; out0             ;
; |fullAdder8Bit_BeachWilliam|fullAdder4bit_BeachWilliam:adder1|FullAdder_1BitBeachWilliam:adder2|cout~4 ; |fullAdder8Bit_BeachWilliam|fullAdder4bit_BeachWilliam:adder1|FullAdder_1BitBeachWilliam:adder2|cout~4 ; out0             ;
; |fullAdder8Bit_BeachWilliam|fullAdder4bit_BeachWilliam:adder1|FullAdder_1BitBeachWilliam:adder2|cout~6 ; |fullAdder8Bit_BeachWilliam|fullAdder4bit_BeachWilliam:adder1|FullAdder_1BitBeachWilliam:adder2|cout~6 ; out0             ;
; |fullAdder8Bit_BeachWilliam|fullAdder4bit_BeachWilliam:adder1|FullAdder_1BitBeachWilliam:adder1|s~2    ; |fullAdder8Bit_BeachWilliam|fullAdder4bit_BeachWilliam:adder1|FullAdder_1BitBeachWilliam:adder1|s~2    ; out0             ;
; |fullAdder8Bit_BeachWilliam|fullAdder4bit_BeachWilliam:adder1|FullAdder_1BitBeachWilliam:adder1|s~3    ; |fullAdder8Bit_BeachWilliam|fullAdder4bit_BeachWilliam:adder1|FullAdder_1BitBeachWilliam:adder1|s~3    ; out0             ;
; |fullAdder8Bit_BeachWilliam|fullAdder4bit_BeachWilliam:adder1|FullAdder_1BitBeachWilliam:adder1|s~5    ; |fullAdder8Bit_BeachWilliam|fullAdder4bit_BeachWilliam:adder1|FullAdder_1BitBeachWilliam:adder1|s~5    ; out0             ;
; |fullAdder8Bit_BeachWilliam|fullAdder4bit_BeachWilliam:adder1|FullAdder_1BitBeachWilliam:adder1|s~7    ; |fullAdder8Bit_BeachWilliam|fullAdder4bit_BeachWilliam:adder1|FullAdder_1BitBeachWilliam:adder1|s~7    ; out0             ;
; |fullAdder8Bit_BeachWilliam|fullAdder4bit_BeachWilliam:adder1|FullAdder_1BitBeachWilliam:adder1|s~9    ; |fullAdder8Bit_BeachWilliam|fullAdder4bit_BeachWilliam:adder1|FullAdder_1BitBeachWilliam:adder1|s~9    ; out0             ;
; |fullAdder8Bit_BeachWilliam|fullAdder4bit_BeachWilliam:adder1|FullAdder_1BitBeachWilliam:adder1|s~10   ; |fullAdder8Bit_BeachWilliam|fullAdder4bit_BeachWilliam:adder1|FullAdder_1BitBeachWilliam:adder1|s~10   ; out0             ;
; |fullAdder8Bit_BeachWilliam|fullAdder4bit_BeachWilliam:adder1|FullAdder_1BitBeachWilliam:adder1|s~11   ; |fullAdder8Bit_BeachWilliam|fullAdder4bit_BeachWilliam:adder1|FullAdder_1BitBeachWilliam:adder1|s~11   ; out0             ;
; |fullAdder8Bit_BeachWilliam|fullAdder4bit_BeachWilliam:adder1|FullAdder_1BitBeachWilliam:adder1|s~13   ; |fullAdder8Bit_BeachWilliam|fullAdder4bit_BeachWilliam:adder1|FullAdder_1BitBeachWilliam:adder1|s~13   ; out0             ;
; |fullAdder8Bit_BeachWilliam|fullAdder4bit_BeachWilliam:adder1|FullAdder_1BitBeachWilliam:adder1|s~14   ; |fullAdder8Bit_BeachWilliam|fullAdder4bit_BeachWilliam:adder1|FullAdder_1BitBeachWilliam:adder1|s~14   ; out0             ;
; |fullAdder8Bit_BeachWilliam|fullAdder4bit_BeachWilliam:adder1|FullAdder_1BitBeachWilliam:adder1|s~15   ; |fullAdder8Bit_BeachWilliam|fullAdder4bit_BeachWilliam:adder1|FullAdder_1BitBeachWilliam:adder1|s~15   ; out0             ;
; |fullAdder8Bit_BeachWilliam|fullAdder4bit_BeachWilliam:adder1|FullAdder_1BitBeachWilliam:adder1|s~17   ; |fullAdder8Bit_BeachWilliam|fullAdder4bit_BeachWilliam:adder1|FullAdder_1BitBeachWilliam:adder1|s~17   ; out0             ;
; |fullAdder8Bit_BeachWilliam|fullAdder4bit_BeachWilliam:adder1|FullAdder_1BitBeachWilliam:adder1|cout~0 ; |fullAdder8Bit_BeachWilliam|fullAdder4bit_BeachWilliam:adder1|FullAdder_1BitBeachWilliam:adder1|cout~0 ; out0             ;
; |fullAdder8Bit_BeachWilliam|fullAdder4bit_BeachWilliam:adder1|FullAdder_1BitBeachWilliam:adder1|cout~3 ; |fullAdder8Bit_BeachWilliam|fullAdder4bit_BeachWilliam:adder1|FullAdder_1BitBeachWilliam:adder1|cout~3 ; out0             ;
; |fullAdder8Bit_BeachWilliam|fullAdder4bit_BeachWilliam:adder1|FullAdder_1BitBeachWilliam:adder1|cout~4 ; |fullAdder8Bit_BeachWilliam|fullAdder4bit_BeachWilliam:adder1|FullAdder_1BitBeachWilliam:adder1|cout~4 ; out0             ;
; |fullAdder8Bit_BeachWilliam|fullAdder4bit_BeachWilliam:adder1|FullAdder_1BitBeachWilliam:adder1|cout~6 ; |fullAdder8Bit_BeachWilliam|fullAdder4bit_BeachWilliam:adder1|FullAdder_1BitBeachWilliam:adder1|cout~6 ; out0             ;
+--------------------------------------------------------------------------------------------------------+--------------------------------------------------------------------------------------------------------+------------------+


+---------------------+
; Simulator INI Usage ;
+--------+------------+
; Option ; Usage      ;
+--------+------------+


+--------------------+
; Simulator Messages ;
+--------------------+
Info: *******************************************************************
Info: Running Quartus II Simulator
    Info: Version 9.1 Build 222 10/21/2009 SJ Web Edition
    Info: Processing started: Wed Nov 02 20:13:34 2022
Info: Command: quartus_sim --read_settings_files=on --write_settings_files=off FullAdder8Bit_BeachWilliam -c FullAdder8Bit_BeachWilliam
Info: Using vector source file "Z:/CDA3203/Lab2_BeachWilliam/8bittest.vwf"
Info: Overwriting simulation input file with simulation results
    Info: A backup of 8bittest.vwf called FullAdder8Bit_BeachWilliam.sim_ori.vwf has been created in the db folder
Info: Option to preserve fewer signal transitions to reduce memory requirements is enabled
    Info: Simulation has been partitioned into sub-simulations according to the maximum transition count determined by the engine. Transitions from memory will be flushed out to disk at the end of each sub-simulation to reduce memory requirements.
Info: Simulation partitioned into 1 sub-simulations
Info: Simulation coverage is       0.00 %
Info: Number of transitions in simulation is 0
Info: Vector file 8bittest.vwf is saved in VWF text format. You can compress it into CVWF format in order to reduce file size. For more details please refer to the Quartus II Help.
Info: Quartus II Simulator was successful. 0 errors, 0 warnings
    Info: Peak virtual memory: 147 megabytes
    Info: Processing ended: Wed Nov 02 20:13:35 2022
    Info: Elapsed time: 00:00:01
    Info: Total CPU time (on all processors): 00:00:01


